#! /c/Source/iverilog-install/bin/vvp
:ivl_version "12.0 (devel)" "(s20150603-1539-g2693dd32b)";
:ivl_delay_selection "TYPICAL";
:vpi_time_precision + 0;
:vpi_module "C:\iverilog\lib\ivl\system.vpi";
:vpi_module "C:\iverilog\lib\ivl\vhdl_sys.vpi";
:vpi_module "C:\iverilog\lib\ivl\vhdl_textio.vpi";
:vpi_module "C:\iverilog\lib\ivl\v2005_math.vpi";
:vpi_module "C:\iverilog\lib\ivl\va_math.vpi";
S_0000023f72b42830 .scope module, "ALU" "ALU" 2 1;
 .timescale 0 0;
    .port_info 0 /INPUT 8 "A";
    .port_info 1 /INPUT 8 "B";
    .port_info 2 /INPUT 3 "ALU_op";
    .port_info 3 /OUTPUT 8 "Result";
    .port_info 4 /OUTPUT 1 "Zero";
o0000023f72b76fd8 .functor BUFZ 8, C4<zzzzzzzz>; HiZ drive
v0000023f72b42fe0_0 .net "A", 7 0, o0000023f72b76fd8;  0 drivers
o0000023f72b77008 .functor BUFZ 3, C4<zzz>; HiZ drive
v0000023f72b43220_0 .net "ALU_op", 2 0, o0000023f72b77008;  0 drivers
o0000023f72b77038 .functor BUFZ 8, C4<zzzzzzzz>; HiZ drive
v0000023f72b2bd20_0 .net "B", 7 0, o0000023f72b77038;  0 drivers
v0000023f72b2bdc0_0 .var "Result", 7 0;
v0000023f72b2be60_0 .net "Zero", 0 0, L_0000023f72b42a60;  1 drivers
L_0000023f72bb7c38 .functor BUFT 1, C4<00000000>, C4<0>, C4<0>, C4<0>;
v0000023f72b429c0_0 .net/2u *"_ivl_0", 7 0, L_0000023f72bb7c38;  1 drivers
E_0000023f72b75e90 .event anyedge, v0000023f72b43220_0, v0000023f72b42fe0_0, v0000023f72b2bd20_0;
L_0000023f72b42a60 .cmp/eq 8, v0000023f72b2bdc0_0, L_0000023f72bb7c38;
    .scope S_0000023f72b42830;
T_0 ;
    %wait E_0000023f72b75e90;
    %load/vec4 v0000023f72b43220_0;
    %dup/vec4;
    %pushi/vec4 0, 0, 3;
    %cmp/u;
    %jmp/1 T_0.0, 6;
    %dup/vec4;
    %pushi/vec4 1, 0, 3;
    %cmp/u;
    %jmp/1 T_0.1, 6;
    %dup/vec4;
    %pushi/vec4 2, 0, 3;
    %cmp/u;
    %jmp/1 T_0.2, 6;
    %dup/vec4;
    %pushi/vec4 3, 0, 3;
    %cmp/u;
    %jmp/1 T_0.3, 6;
    %dup/vec4;
    %pushi/vec4 4, 0, 3;
    %cmp/u;
    %jmp/1 T_0.4, 6;
    %dup/vec4;
    %pushi/vec4 5, 0, 3;
    %cmp/u;
    %jmp/1 T_0.5, 6;
    %dup/vec4;
    %pushi/vec4 6, 0, 3;
    %cmp/u;
    %jmp/1 T_0.6, 6;
    %dup/vec4;
    %pushi/vec4 7, 0, 3;
    %cmp/u;
    %jmp/1 T_0.7, 6;
    %pushi/vec4 0, 0, 8;
    %store/vec4 v0000023f72b2bdc0_0, 0, 8;
    %jmp T_0.9;
T_0.0 ;
    %load/vec4 v0000023f72b42fe0_0;
    %load/vec4 v0000023f72b2bd20_0;
    %add;
    %store/vec4 v0000023f72b2bdc0_0, 0, 8;
    %jmp T_0.9;
T_0.1 ;
    %load/vec4 v0000023f72b42fe0_0;
    %load/vec4 v0000023f72b2bd20_0;
    %sub;
    %store/vec4 v0000023f72b2bdc0_0, 0, 8;
    %jmp T_0.9;
T_0.2 ;
    %load/vec4 v0000023f72b42fe0_0;
    %load/vec4 v0000023f72b2bd20_0;
    %and;
    %store/vec4 v0000023f72b2bdc0_0, 0, 8;
    %jmp T_0.9;
T_0.3 ;
    %load/vec4 v0000023f72b42fe0_0;
    %load/vec4 v0000023f72b2bd20_0;
    %or;
    %store/vec4 v0000023f72b2bdc0_0, 0, 8;
    %jmp T_0.9;
T_0.4 ;
    %load/vec4 v0000023f72b42fe0_0;
    %load/vec4 v0000023f72b2bd20_0;
    %xor;
    %store/vec4 v0000023f72b2bdc0_0, 0, 8;
    %jmp T_0.9;
T_0.5 ;
    %load/vec4 v0000023f72b42fe0_0;
    %inv;
    %store/vec4 v0000023f72b2bdc0_0, 0, 8;
    %jmp T_0.9;
T_0.6 ;
    %load/vec4 v0000023f72b42fe0_0;
    %ix/load 4, 1, 0;
    %flag_set/imm 4, 0;
    %shiftl 4;
    %store/vec4 v0000023f72b2bdc0_0, 0, 8;
    %jmp T_0.9;
T_0.7 ;
    %load/vec4 v0000023f72b42fe0_0;
    %ix/load 4, 1, 0;
    %flag_set/imm 4, 0;
    %shiftr 4;
    %store/vec4 v0000023f72b2bdc0_0, 0, 8;
    %jmp T_0.9;
T_0.9 ;
    %pop/vec4 1;
    %jmp T_0;
    .thread T_0, $push;
# The file index is used to find the file name in the following table.
:file_names 3;
    "N/A";
    "<interactive>";
    "Alu.v";
