#! /c/Source/iverilog-install/bin/vvp
:ivl_version "12.0 (devel)" "(s20150603-1539-g2693dd32b)";
:ivl_delay_selection "TYPICAL";
:vpi_time_precision + 0;
:vpi_module "C:\iverilog\lib\ivl\system.vpi";
:vpi_module "C:\iverilog\lib\ivl\vhdl_sys.vpi";
:vpi_module "C:\iverilog\lib\ivl\vhdl_textio.vpi";
:vpi_module "C:\iverilog\lib\ivl\v2005_math.vpi";
:vpi_module "C:\iverilog\lib\ivl\va_math.vpi";
S_000001d9be302940 .scope module, "ControlUnit" "ControlUnit" 2 1;
 .timescale 0 0;
    .port_info 0 /INPUT 8 "instruction";
    .port_info 1 /OUTPUT 1 "reg_write";
    .port_info 2 /OUTPUT 1 "mem_write";
    .port_info 3 /OUTPUT 1 "mem_read";
    .port_info 4 /OUTPUT 1 "pc_write";
    .port_info 5 /OUTPUT 3 "ALU_op";
v000001d9be3032b0_0 .var "ALU_op", 2 0;
o000001d9be337008 .functor BUFZ 8, C4<zzzzzzzz>; HiZ drive
v000001d9be302ad0_0 .net "instruction", 7 0, o000001d9be337008;  0 drivers
v000001d9be302b70_0 .var "mem_read", 0 0;
v000001d9be302c10_0 .var "mem_write", 0 0;
v000001d9be2ebc00_0 .var "pc_write", 0 0;
v000001d9be2ebca0_0 .var "reg_write", 0 0;
E_000001d9be3363d0 .event anyedge, v000001d9be302ad0_0;
    .scope S_000001d9be302940;
T_0 ;
    %wait E_000001d9be3363d0;
    %pushi/vec4 0, 0, 1;
    %store/vec4 v000001d9be2ebca0_0, 0, 1;
    %pushi/vec4 0, 0, 1;
    %store/vec4 v000001d9be302c10_0, 0, 1;
    %pushi/vec4 0, 0, 1;
    %store/vec4 v000001d9be302b70_0, 0, 1;
    %pushi/vec4 0, 0, 1;
    %store/vec4 v000001d9be2ebc00_0, 0, 1;
    %pushi/vec4 0, 0, 3;
    %store/vec4 v000001d9be3032b0_0, 0, 3;
    %load/vec4 v000001d9be302ad0_0;
    %parti/s 4, 4, 4;
    %dup/vec4;
    %pushi/vec4 0, 0, 4;
    %cmp/u;
    %jmp/1 T_0.0, 6;
    %dup/vec4;
    %pushi/vec4 1, 0, 4;
    %cmp/u;
    %jmp/1 T_0.1, 6;
    %dup/vec4;
    %pushi/vec4 2, 0, 4;
    %cmp/u;
    %jmp/1 T_0.2, 6;
    %dup/vec4;
    %pushi/vec4 12, 0, 4;
    %cmp/u;
    %jmp/1 T_0.3, 6;
    %dup/vec4;
    %pushi/vec4 14, 0, 4;
    %cmp/u;
    %jmp/1 T_0.4, 6;
    %jmp T_0.6;
T_0.0 ;
    %pushi/vec4 1, 0, 1;
    %store/vec4 v000001d9be2ebca0_0, 0, 1;
    %pushi/vec4 0, 0, 3;
    %store/vec4 v000001d9be3032b0_0, 0, 3;
    %jmp T_0.6;
T_0.1 ;
    %pushi/vec4 1, 0, 1;
    %store/vec4 v000001d9be2ebca0_0, 0, 1;
    %pushi/vec4 1, 0, 3;
    %store/vec4 v000001d9be3032b0_0, 0, 3;
    %jmp T_0.6;
T_0.2 ;
    %pushi/vec4 1, 0, 1;
    %store/vec4 v000001d9be2ebca0_0, 0, 1;
    %pushi/vec4 2, 0, 3;
    %store/vec4 v000001d9be3032b0_0, 0, 3;
    %jmp T_0.6;
T_0.3 ;
    %pushi/vec4 1, 0, 1;
    %store/vec4 v000001d9be302b70_0, 0, 1;
    %pushi/vec4 1, 0, 1;
    %store/vec4 v000001d9be2ebca0_0, 0, 1;
    %jmp T_0.6;
T_0.4 ;
    %pushi/vec4 1, 0, 1;
    %store/vec4 v000001d9be302c10_0, 0, 1;
    %jmp T_0.6;
T_0.6 ;
    %pop/vec4 1;
    %jmp T_0;
    .thread T_0, $push;
# The file index is used to find the file name in the following table.
:file_names 3;
    "N/A";
    "<interactive>";
    "Control_unit.v";
