#! /c/Source/iverilog-install/bin/vvp
:ivl_version "12.0 (devel)" "(s20150603-1539-g2693dd32b)";
:ivl_delay_selection "TYPICAL";
:vpi_time_precision + 0;
:vpi_module "C:\iverilog\lib\ivl\system.vpi";
:vpi_module "C:\iverilog\lib\ivl\vhdl_sys.vpi";
:vpi_module "C:\iverilog\lib\ivl\vhdl_textio.vpi";
:vpi_module "C:\iverilog\lib\ivl\v2005_math.vpi";
:vpi_module "C:\iverilog\lib\ivl\va_math.vpi";
S_000002603c3a1f30 .scope module, "InterruptController" "InterruptController" 2 68;
 .timescale 0 0;
    .port_info 0 /INPUT 1 "clk";
    .port_info 1 /INPUT 1 "interrupt";
    .port_info 2 /OUTPUT 1 "interruptSignal";
o000002603c3b1008 .functor BUFZ 1, C4<z>; HiZ drive
v000002603c37cb30_0 .net "clk", 0 0, o000002603c3b1008;  0 drivers
o000002603c3b1038 .functor BUFZ 1, C4<z>; HiZ drive
v000002603c353020_0 .net "interrupt", 0 0, o000002603c3b1038;  0 drivers
v000002603c353260_0 .var "interruptSignal", 0 0;
E_000002603c389520 .event posedge, v000002603c37cb30_0;
S_000002603c3a20c0 .scope module, "MemoryBank" "MemoryBank" 2 49;
 .timescale 0 0;
    .port_info 0 /INPUT 1 "clk";
    .port_info 1 /INPUT 8 "addr";
    .port_info 2 /INPUT 8 "writeData";
    .port_info 3 /INPUT 1 "memWrite";
    .port_info 4 /OUTPUT 8 "readData";
o000002603c3b1128 .functor BUFZ 8, C4<zzzzzzzz>; HiZ drive
v000002603c3acee0_0 .net "addr", 7 0, o000002603c3b1128;  0 drivers
o000002603c3b1158 .functor BUFZ 1, C4<z>; HiZ drive
v000002603c33e680_0 .net "clk", 0 0, o000002603c3b1158;  0 drivers
o000002603c3b1188 .functor BUFZ 1, C4<z>; HiZ drive
v000002603c33e720_0 .net "memWrite", 0 0, o000002603c3b1188;  0 drivers
v000002603c40aee0 .array "memory", 0 255, 7 0;
v000002603c40b3e0_0 .var "readData", 7 0;
o000002603c3b41e8 .functor BUFZ 8, C4<zzzzzzzz>; HiZ drive
v000002603c40b2a0_0 .net "writeData", 7 0, o000002603c3b41e8;  0 drivers
v000002603c40aee0_0 .array/port v000002603c40aee0, 0;
v000002603c40aee0_1 .array/port v000002603c40aee0, 1;
v000002603c40aee0_2 .array/port v000002603c40aee0, 2;
E_000002603c389120/0 .event anyedge, v000002603c3acee0_0, v000002603c40aee0_0, v000002603c40aee0_1, v000002603c40aee0_2;
v000002603c40aee0_3 .array/port v000002603c40aee0, 3;
v000002603c40aee0_4 .array/port v000002603c40aee0, 4;
v000002603c40aee0_5 .array/port v000002603c40aee0, 5;
v000002603c40aee0_6 .array/port v000002603c40aee0, 6;
E_000002603c389120/1 .event anyedge, v000002603c40aee0_3, v000002603c40aee0_4, v000002603c40aee0_5, v000002603c40aee0_6;
v000002603c40aee0_7 .array/port v000002603c40aee0, 7;
v000002603c40aee0_8 .array/port v000002603c40aee0, 8;
v000002603c40aee0_9 .array/port v000002603c40aee0, 9;
v000002603c40aee0_10 .array/port v000002603c40aee0, 10;
E_000002603c389120/2 .event anyedge, v000002603c40aee0_7, v000002603c40aee0_8, v000002603c40aee0_9, v000002603c40aee0_10;
v000002603c40aee0_11 .array/port v000002603c40aee0, 11;
v000002603c40aee0_12 .array/port v000002603c40aee0, 12;
v000002603c40aee0_13 .array/port v000002603c40aee0, 13;
v000002603c40aee0_14 .array/port v000002603c40aee0, 14;
E_000002603c389120/3 .event anyedge, v000002603c40aee0_11, v000002603c40aee0_12, v000002603c40aee0_13, v000002603c40aee0_14;
v000002603c40aee0_15 .array/port v000002603c40aee0, 15;
v000002603c40aee0_16 .array/port v000002603c40aee0, 16;
v000002603c40aee0_17 .array/port v000002603c40aee0, 17;
v000002603c40aee0_18 .array/port v000002603c40aee0, 18;
E_000002603c389120/4 .event anyedge, v000002603c40aee0_15, v000002603c40aee0_16, v000002603c40aee0_17, v000002603c40aee0_18;
v000002603c40aee0_19 .array/port v000002603c40aee0, 19;
v000002603c40aee0_20 .array/port v000002603c40aee0, 20;
v000002603c40aee0_21 .array/port v000002603c40aee0, 21;
v000002603c40aee0_22 .array/port v000002603c40aee0, 22;
E_000002603c389120/5 .event anyedge, v000002603c40aee0_19, v000002603c40aee0_20, v000002603c40aee0_21, v000002603c40aee0_22;
v000002603c40aee0_23 .array/port v000002603c40aee0, 23;
v000002603c40aee0_24 .array/port v000002603c40aee0, 24;
v000002603c40aee0_25 .array/port v000002603c40aee0, 25;
v000002603c40aee0_26 .array/port v000002603c40aee0, 26;
E_000002603c389120/6 .event anyedge, v000002603c40aee0_23, v000002603c40aee0_24, v000002603c40aee0_25, v000002603c40aee0_26;
v000002603c40aee0_27 .array/port v000002603c40aee0, 27;
v000002603c40aee0_28 .array/port v000002603c40aee0, 28;
v000002603c40aee0_29 .array/port v000002603c40aee0, 29;
v000002603c40aee0_30 .array/port v000002603c40aee0, 30;
E_000002603c389120/7 .event anyedge, v000002603c40aee0_27, v000002603c40aee0_28, v000002603c40aee0_29, v000002603c40aee0_30;
v000002603c40aee0_31 .array/port v000002603c40aee0, 31;
v000002603c40aee0_32 .array/port v000002603c40aee0, 32;
v000002603c40aee0_33 .array/port v000002603c40aee0, 33;
v000002603c40aee0_34 .array/port v000002603c40aee0, 34;
E_000002603c389120/8 .event anyedge, v000002603c40aee0_31, v000002603c40aee0_32, v000002603c40aee0_33, v000002603c40aee0_34;
v000002603c40aee0_35 .array/port v000002603c40aee0, 35;
v000002603c40aee0_36 .array/port v000002603c40aee0, 36;
v000002603c40aee0_37 .array/port v000002603c40aee0, 37;
v000002603c40aee0_38 .array/port v000002603c40aee0, 38;
E_000002603c389120/9 .event anyedge, v000002603c40aee0_35, v000002603c40aee0_36, v000002603c40aee0_37, v000002603c40aee0_38;
v000002603c40aee0_39 .array/port v000002603c40aee0, 39;
v000002603c40aee0_40 .array/port v000002603c40aee0, 40;
v000002603c40aee0_41 .array/port v000002603c40aee0, 41;
v000002603c40aee0_42 .array/port v000002603c40aee0, 42;
E_000002603c389120/10 .event anyedge, v000002603c40aee0_39, v000002603c40aee0_40, v000002603c40aee0_41, v000002603c40aee0_42;
v000002603c40aee0_43 .array/port v000002603c40aee0, 43;
v000002603c40aee0_44 .array/port v000002603c40aee0, 44;
v000002603c40aee0_45 .array/port v000002603c40aee0, 45;
v000002603c40aee0_46 .array/port v000002603c40aee0, 46;
E_000002603c389120/11 .event anyedge, v000002603c40aee0_43, v000002603c40aee0_44, v000002603c40aee0_45, v000002603c40aee0_46;
v000002603c40aee0_47 .array/port v000002603c40aee0, 47;
v000002603c40aee0_48 .array/port v000002603c40aee0, 48;
v000002603c40aee0_49 .array/port v000002603c40aee0, 49;
v000002603c40aee0_50 .array/port v000002603c40aee0, 50;
E_000002603c389120/12 .event anyedge, v000002603c40aee0_47, v000002603c40aee0_48, v000002603c40aee0_49, v000002603c40aee0_50;
v000002603c40aee0_51 .array/port v000002603c40aee0, 51;
v000002603c40aee0_52 .array/port v000002603c40aee0, 52;
v000002603c40aee0_53 .array/port v000002603c40aee0, 53;
v000002603c40aee0_54 .array/port v000002603c40aee0, 54;
E_000002603c389120/13 .event anyedge, v000002603c40aee0_51, v000002603c40aee0_52, v000002603c40aee0_53, v000002603c40aee0_54;
v000002603c40aee0_55 .array/port v000002603c40aee0, 55;
v000002603c40aee0_56 .array/port v000002603c40aee0, 56;
v000002603c40aee0_57 .array/port v000002603c40aee0, 57;
v000002603c40aee0_58 .array/port v000002603c40aee0, 58;
E_000002603c389120/14 .event anyedge, v000002603c40aee0_55, v000002603c40aee0_56, v000002603c40aee0_57, v000002603c40aee0_58;
v000002603c40aee0_59 .array/port v000002603c40aee0, 59;
v000002603c40aee0_60 .array/port v000002603c40aee0, 60;
v000002603c40aee0_61 .array/port v000002603c40aee0, 61;
v000002603c40aee0_62 .array/port v000002603c40aee0, 62;
E_000002603c389120/15 .event anyedge, v000002603c40aee0_59, v000002603c40aee0_60, v000002603c40aee0_61, v000002603c40aee0_62;
v000002603c40aee0_63 .array/port v000002603c40aee0, 63;
v000002603c40aee0_64 .array/port v000002603c40aee0, 64;
v000002603c40aee0_65 .array/port v000002603c40aee0, 65;
v000002603c40aee0_66 .array/port v000002603c40aee0, 66;
E_000002603c389120/16 .event anyedge, v000002603c40aee0_63, v000002603c40aee0_64, v000002603c40aee0_65, v000002603c40aee0_66;
v000002603c40aee0_67 .array/port v000002603c40aee0, 67;
v000002603c40aee0_68 .array/port v000002603c40aee0, 68;
v000002603c40aee0_69 .array/port v000002603c40aee0, 69;
v000002603c40aee0_70 .array/port v000002603c40aee0, 70;
E_000002603c389120/17 .event anyedge, v000002603c40aee0_67, v000002603c40aee0_68, v000002603c40aee0_69, v000002603c40aee0_70;
v000002603c40aee0_71 .array/port v000002603c40aee0, 71;
v000002603c40aee0_72 .array/port v000002603c40aee0, 72;
v000002603c40aee0_73 .array/port v000002603c40aee0, 73;
v000002603c40aee0_74 .array/port v000002603c40aee0, 74;
E_000002603c389120/18 .event anyedge, v000002603c40aee0_71, v000002603c40aee0_72, v000002603c40aee0_73, v000002603c40aee0_74;
v000002603c40aee0_75 .array/port v000002603c40aee0, 75;
v000002603c40aee0_76 .array/port v000002603c40aee0, 76;
v000002603c40aee0_77 .array/port v000002603c40aee0, 77;
v000002603c40aee0_78 .array/port v000002603c40aee0, 78;
E_000002603c389120/19 .event anyedge, v000002603c40aee0_75, v000002603c40aee0_76, v000002603c40aee0_77, v000002603c40aee0_78;
v000002603c40aee0_79 .array/port v000002603c40aee0, 79;
v000002603c40aee0_80 .array/port v000002603c40aee0, 80;
v000002603c40aee0_81 .array/port v000002603c40aee0, 81;
v000002603c40aee0_82 .array/port v000002603c40aee0, 82;
E_000002603c389120/20 .event anyedge, v000002603c40aee0_79, v000002603c40aee0_80, v000002603c40aee0_81, v000002603c40aee0_82;
v000002603c40aee0_83 .array/port v000002603c40aee0, 83;
v000002603c40aee0_84 .array/port v000002603c40aee0, 84;
v000002603c40aee0_85 .array/port v000002603c40aee0, 85;
v000002603c40aee0_86 .array/port v000002603c40aee0, 86;
E_000002603c389120/21 .event anyedge, v000002603c40aee0_83, v000002603c40aee0_84, v000002603c40aee0_85, v000002603c40aee0_86;
v000002603c40aee0_87 .array/port v000002603c40aee0, 87;
v000002603c40aee0_88 .array/port v000002603c40aee0, 88;
v000002603c40aee0_89 .array/port v000002603c40aee0, 89;
v000002603c40aee0_90 .array/port v000002603c40aee0, 90;
E_000002603c389120/22 .event anyedge, v000002603c40aee0_87, v000002603c40aee0_88, v000002603c40aee0_89, v000002603c40aee0_90;
v000002603c40aee0_91 .array/port v000002603c40aee0, 91;
v000002603c40aee0_92 .array/port v000002603c40aee0, 92;
v000002603c40aee0_93 .array/port v000002603c40aee0, 93;
v000002603c40aee0_94 .array/port v000002603c40aee0, 94;
E_000002603c389120/23 .event anyedge, v000002603c40aee0_91, v000002603c40aee0_92, v000002603c40aee0_93, v000002603c40aee0_94;
v000002603c40aee0_95 .array/port v000002603c40aee0, 95;
v000002603c40aee0_96 .array/port v000002603c40aee0, 96;
v000002603c40aee0_97 .array/port v000002603c40aee0, 97;
v000002603c40aee0_98 .array/port v000002603c40aee0, 98;
E_000002603c389120/24 .event anyedge, v000002603c40aee0_95, v000002603c40aee0_96, v000002603c40aee0_97, v000002603c40aee0_98;
v000002603c40aee0_99 .array/port v000002603c40aee0, 99;
v000002603c40aee0_100 .array/port v000002603c40aee0, 100;
v000002603c40aee0_101 .array/port v000002603c40aee0, 101;
v000002603c40aee0_102 .array/port v000002603c40aee0, 102;
E_000002603c389120/25 .event anyedge, v000002603c40aee0_99, v000002603c40aee0_100, v000002603c40aee0_101, v000002603c40aee0_102;
v000002603c40aee0_103 .array/port v000002603c40aee0, 103;
v000002603c40aee0_104 .array/port v000002603c40aee0, 104;
v000002603c40aee0_105 .array/port v000002603c40aee0, 105;
v000002603c40aee0_106 .array/port v000002603c40aee0, 106;
E_000002603c389120/26 .event anyedge, v000002603c40aee0_103, v000002603c40aee0_104, v000002603c40aee0_105, v000002603c40aee0_106;
v000002603c40aee0_107 .array/port v000002603c40aee0, 107;
v000002603c40aee0_108 .array/port v000002603c40aee0, 108;
v000002603c40aee0_109 .array/port v000002603c40aee0, 109;
v000002603c40aee0_110 .array/port v000002603c40aee0, 110;
E_000002603c389120/27 .event anyedge, v000002603c40aee0_107, v000002603c40aee0_108, v000002603c40aee0_109, v000002603c40aee0_110;
v000002603c40aee0_111 .array/port v000002603c40aee0, 111;
v000002603c40aee0_112 .array/port v000002603c40aee0, 112;
v000002603c40aee0_113 .array/port v000002603c40aee0, 113;
v000002603c40aee0_114 .array/port v000002603c40aee0, 114;
E_000002603c389120/28 .event anyedge, v000002603c40aee0_111, v000002603c40aee0_112, v000002603c40aee0_113, v000002603c40aee0_114;
v000002603c40aee0_115 .array/port v000002603c40aee0, 115;
v000002603c40aee0_116 .array/port v000002603c40aee0, 116;
v000002603c40aee0_117 .array/port v000002603c40aee0, 117;
v000002603c40aee0_118 .array/port v000002603c40aee0, 118;
E_000002603c389120/29 .event anyedge, v000002603c40aee0_115, v000002603c40aee0_116, v000002603c40aee0_117, v000002603c40aee0_118;
v000002603c40aee0_119 .array/port v000002603c40aee0, 119;
v000002603c40aee0_120 .array/port v000002603c40aee0, 120;
v000002603c40aee0_121 .array/port v000002603c40aee0, 121;
v000002603c40aee0_122 .array/port v000002603c40aee0, 122;
E_000002603c389120/30 .event anyedge, v000002603c40aee0_119, v000002603c40aee0_120, v000002603c40aee0_121, v000002603c40aee0_122;
v000002603c40aee0_123 .array/port v000002603c40aee0, 123;
v000002603c40aee0_124 .array/port v000002603c40aee0, 124;
v000002603c40aee0_125 .array/port v000002603c40aee0, 125;
v000002603c40aee0_126 .array/port v000002603c40aee0, 126;
E_000002603c389120/31 .event anyedge, v000002603c40aee0_123, v000002603c40aee0_124, v000002603c40aee0_125, v000002603c40aee0_126;
v000002603c40aee0_127 .array/port v000002603c40aee0, 127;
v000002603c40aee0_128 .array/port v000002603c40aee0, 128;
v000002603c40aee0_129 .array/port v000002603c40aee0, 129;
v000002603c40aee0_130 .array/port v000002603c40aee0, 130;
E_000002603c389120/32 .event anyedge, v000002603c40aee0_127, v000002603c40aee0_128, v000002603c40aee0_129, v000002603c40aee0_130;
v000002603c40aee0_131 .array/port v000002603c40aee0, 131;
v000002603c40aee0_132 .array/port v000002603c40aee0, 132;
v000002603c40aee0_133 .array/port v000002603c40aee0, 133;
v000002603c40aee0_134 .array/port v000002603c40aee0, 134;
E_000002603c389120/33 .event anyedge, v000002603c40aee0_131, v000002603c40aee0_132, v000002603c40aee0_133, v000002603c40aee0_134;
v000002603c40aee0_135 .array/port v000002603c40aee0, 135;
v000002603c40aee0_136 .array/port v000002603c40aee0, 136;
v000002603c40aee0_137 .array/port v000002603c40aee0, 137;
v000002603c40aee0_138 .array/port v000002603c40aee0, 138;
E_000002603c389120/34 .event anyedge, v000002603c40aee0_135, v000002603c40aee0_136, v000002603c40aee0_137, v000002603c40aee0_138;
v000002603c40aee0_139 .array/port v000002603c40aee0, 139;
v000002603c40aee0_140 .array/port v000002603c40aee0, 140;
v000002603c40aee0_141 .array/port v000002603c40aee0, 141;
v000002603c40aee0_142 .array/port v000002603c40aee0, 142;
E_000002603c389120/35 .event anyedge, v000002603c40aee0_139, v000002603c40aee0_140, v000002603c40aee0_141, v000002603c40aee0_142;
v000002603c40aee0_143 .array/port v000002603c40aee0, 143;
v000002603c40aee0_144 .array/port v000002603c40aee0, 144;
v000002603c40aee0_145 .array/port v000002603c40aee0, 145;
v000002603c40aee0_146 .array/port v000002603c40aee0, 146;
E_000002603c389120/36 .event anyedge, v000002603c40aee0_143, v000002603c40aee0_144, v000002603c40aee0_145, v000002603c40aee0_146;
v000002603c40aee0_147 .array/port v000002603c40aee0, 147;
v000002603c40aee0_148 .array/port v000002603c40aee0, 148;
v000002603c40aee0_149 .array/port v000002603c40aee0, 149;
v000002603c40aee0_150 .array/port v000002603c40aee0, 150;
E_000002603c389120/37 .event anyedge, v000002603c40aee0_147, v000002603c40aee0_148, v000002603c40aee0_149, v000002603c40aee0_150;
v000002603c40aee0_151 .array/port v000002603c40aee0, 151;
v000002603c40aee0_152 .array/port v000002603c40aee0, 152;
v000002603c40aee0_153 .array/port v000002603c40aee0, 153;
v000002603c40aee0_154 .array/port v000002603c40aee0, 154;
E_000002603c389120/38 .event anyedge, v000002603c40aee0_151, v000002603c40aee0_152, v000002603c40aee0_153, v000002603c40aee0_154;
v000002603c40aee0_155 .array/port v000002603c40aee0, 155;
v000002603c40aee0_156 .array/port v000002603c40aee0, 156;
v000002603c40aee0_157 .array/port v000002603c40aee0, 157;
v000002603c40aee0_158 .array/port v000002603c40aee0, 158;
E_000002603c389120/39 .event anyedge, v000002603c40aee0_155, v000002603c40aee0_156, v000002603c40aee0_157, v000002603c40aee0_158;
v000002603c40aee0_159 .array/port v000002603c40aee0, 159;
v000002603c40aee0_160 .array/port v000002603c40aee0, 160;
v000002603c40aee0_161 .array/port v000002603c40aee0, 161;
v000002603c40aee0_162 .array/port v000002603c40aee0, 162;
E_000002603c389120/40 .event anyedge, v000002603c40aee0_159, v000002603c40aee0_160, v000002603c40aee0_161, v000002603c40aee0_162;
v000002603c40aee0_163 .array/port v000002603c40aee0, 163;
v000002603c40aee0_164 .array/port v000002603c40aee0, 164;
v000002603c40aee0_165 .array/port v000002603c40aee0, 165;
v000002603c40aee0_166 .array/port v000002603c40aee0, 166;
E_000002603c389120/41 .event anyedge, v000002603c40aee0_163, v000002603c40aee0_164, v000002603c40aee0_165, v000002603c40aee0_166;
v000002603c40aee0_167 .array/port v000002603c40aee0, 167;
v000002603c40aee0_168 .array/port v000002603c40aee0, 168;
v000002603c40aee0_169 .array/port v000002603c40aee0, 169;
v000002603c40aee0_170 .array/port v000002603c40aee0, 170;
E_000002603c389120/42 .event anyedge, v000002603c40aee0_167, v000002603c40aee0_168, v000002603c40aee0_169, v000002603c40aee0_170;
v000002603c40aee0_171 .array/port v000002603c40aee0, 171;
v000002603c40aee0_172 .array/port v000002603c40aee0, 172;
v000002603c40aee0_173 .array/port v000002603c40aee0, 173;
v000002603c40aee0_174 .array/port v000002603c40aee0, 174;
E_000002603c389120/43 .event anyedge, v000002603c40aee0_171, v000002603c40aee0_172, v000002603c40aee0_173, v000002603c40aee0_174;
v000002603c40aee0_175 .array/port v000002603c40aee0, 175;
v000002603c40aee0_176 .array/port v000002603c40aee0, 176;
v000002603c40aee0_177 .array/port v000002603c40aee0, 177;
v000002603c40aee0_178 .array/port v000002603c40aee0, 178;
E_000002603c389120/44 .event anyedge, v000002603c40aee0_175, v000002603c40aee0_176, v000002603c40aee0_177, v000002603c40aee0_178;
v000002603c40aee0_179 .array/port v000002603c40aee0, 179;
v000002603c40aee0_180 .array/port v000002603c40aee0, 180;
v000002603c40aee0_181 .array/port v000002603c40aee0, 181;
v000002603c40aee0_182 .array/port v000002603c40aee0, 182;
E_000002603c389120/45 .event anyedge, v000002603c40aee0_179, v000002603c40aee0_180, v000002603c40aee0_181, v000002603c40aee0_182;
v000002603c40aee0_183 .array/port v000002603c40aee0, 183;
v000002603c40aee0_184 .array/port v000002603c40aee0, 184;
v000002603c40aee0_185 .array/port v000002603c40aee0, 185;
v000002603c40aee0_186 .array/port v000002603c40aee0, 186;
E_000002603c389120/46 .event anyedge, v000002603c40aee0_183, v000002603c40aee0_184, v000002603c40aee0_185, v000002603c40aee0_186;
v000002603c40aee0_187 .array/port v000002603c40aee0, 187;
v000002603c40aee0_188 .array/port v000002603c40aee0, 188;
v000002603c40aee0_189 .array/port v000002603c40aee0, 189;
v000002603c40aee0_190 .array/port v000002603c40aee0, 190;
E_000002603c389120/47 .event anyedge, v000002603c40aee0_187, v000002603c40aee0_188, v000002603c40aee0_189, v000002603c40aee0_190;
v000002603c40aee0_191 .array/port v000002603c40aee0, 191;
v000002603c40aee0_192 .array/port v000002603c40aee0, 192;
v000002603c40aee0_193 .array/port v000002603c40aee0, 193;
v000002603c40aee0_194 .array/port v000002603c40aee0, 194;
E_000002603c389120/48 .event anyedge, v000002603c40aee0_191, v000002603c40aee0_192, v000002603c40aee0_193, v000002603c40aee0_194;
v000002603c40aee0_195 .array/port v000002603c40aee0, 195;
v000002603c40aee0_196 .array/port v000002603c40aee0, 196;
v000002603c40aee0_197 .array/port v000002603c40aee0, 197;
v000002603c40aee0_198 .array/port v000002603c40aee0, 198;
E_000002603c389120/49 .event anyedge, v000002603c40aee0_195, v000002603c40aee0_196, v000002603c40aee0_197, v000002603c40aee0_198;
v000002603c40aee0_199 .array/port v000002603c40aee0, 199;
v000002603c40aee0_200 .array/port v000002603c40aee0, 200;
v000002603c40aee0_201 .array/port v000002603c40aee0, 201;
v000002603c40aee0_202 .array/port v000002603c40aee0, 202;
E_000002603c389120/50 .event anyedge, v000002603c40aee0_199, v000002603c40aee0_200, v000002603c40aee0_201, v000002603c40aee0_202;
v000002603c40aee0_203 .array/port v000002603c40aee0, 203;
v000002603c40aee0_204 .array/port v000002603c40aee0, 204;
v000002603c40aee0_205 .array/port v000002603c40aee0, 205;
v000002603c40aee0_206 .array/port v000002603c40aee0, 206;
E_000002603c389120/51 .event anyedge, v000002603c40aee0_203, v000002603c40aee0_204, v000002603c40aee0_205, v000002603c40aee0_206;
v000002603c40aee0_207 .array/port v000002603c40aee0, 207;
v000002603c40aee0_208 .array/port v000002603c40aee0, 208;
v000002603c40aee0_209 .array/port v000002603c40aee0, 209;
v000002603c40aee0_210 .array/port v000002603c40aee0, 210;
E_000002603c389120/52 .event anyedge, v000002603c40aee0_207, v000002603c40aee0_208, v000002603c40aee0_209, v000002603c40aee0_210;
v000002603c40aee0_211 .array/port v000002603c40aee0, 211;
v000002603c40aee0_212 .array/port v000002603c40aee0, 212;
v000002603c40aee0_213 .array/port v000002603c40aee0, 213;
v000002603c40aee0_214 .array/port v000002603c40aee0, 214;
E_000002603c389120/53 .event anyedge, v000002603c40aee0_211, v000002603c40aee0_212, v000002603c40aee0_213, v000002603c40aee0_214;
v000002603c40aee0_215 .array/port v000002603c40aee0, 215;
v000002603c40aee0_216 .array/port v000002603c40aee0, 216;
v000002603c40aee0_217 .array/port v000002603c40aee0, 217;
v000002603c40aee0_218 .array/port v000002603c40aee0, 218;
E_000002603c389120/54 .event anyedge, v000002603c40aee0_215, v000002603c40aee0_216, v000002603c40aee0_217, v000002603c40aee0_218;
v000002603c40aee0_219 .array/port v000002603c40aee0, 219;
v000002603c40aee0_220 .array/port v000002603c40aee0, 220;
v000002603c40aee0_221 .array/port v000002603c40aee0, 221;
v000002603c40aee0_222 .array/port v000002603c40aee0, 222;
E_000002603c389120/55 .event anyedge, v000002603c40aee0_219, v000002603c40aee0_220, v000002603c40aee0_221, v000002603c40aee0_222;
v000002603c40aee0_223 .array/port v000002603c40aee0, 223;
v000002603c40aee0_224 .array/port v000002603c40aee0, 224;
v000002603c40aee0_225 .array/port v000002603c40aee0, 225;
v000002603c40aee0_226 .array/port v000002603c40aee0, 226;
E_000002603c389120/56 .event anyedge, v000002603c40aee0_223, v000002603c40aee0_224, v000002603c40aee0_225, v000002603c40aee0_226;
v000002603c40aee0_227 .array/port v000002603c40aee0, 227;
v000002603c40aee0_228 .array/port v000002603c40aee0, 228;
v000002603c40aee0_229 .array/port v000002603c40aee0, 229;
v000002603c40aee0_230 .array/port v000002603c40aee0, 230;
E_000002603c389120/57 .event anyedge, v000002603c40aee0_227, v000002603c40aee0_228, v000002603c40aee0_229, v000002603c40aee0_230;
v000002603c40aee0_231 .array/port v000002603c40aee0, 231;
v000002603c40aee0_232 .array/port v000002603c40aee0, 232;
v000002603c40aee0_233 .array/port v000002603c40aee0, 233;
v000002603c40aee0_234 .array/port v000002603c40aee0, 234;
E_000002603c389120/58 .event anyedge, v000002603c40aee0_231, v000002603c40aee0_232, v000002603c40aee0_233, v000002603c40aee0_234;
v000002603c40aee0_235 .array/port v000002603c40aee0, 235;
v000002603c40aee0_236 .array/port v000002603c40aee0, 236;
v000002603c40aee0_237 .array/port v000002603c40aee0, 237;
v000002603c40aee0_238 .array/port v000002603c40aee0, 238;
E_000002603c389120/59 .event anyedge, v000002603c40aee0_235, v000002603c40aee0_236, v000002603c40aee0_237, v000002603c40aee0_238;
v000002603c40aee0_239 .array/port v000002603c40aee0, 239;
v000002603c40aee0_240 .array/port v000002603c40aee0, 240;
v000002603c40aee0_241 .array/port v000002603c40aee0, 241;
v000002603c40aee0_242 .array/port v000002603c40aee0, 242;
E_000002603c389120/60 .event anyedge, v000002603c40aee0_239, v000002603c40aee0_240, v000002603c40aee0_241, v000002603c40aee0_242;
v000002603c40aee0_243 .array/port v000002603c40aee0, 243;
v000002603c40aee0_244 .array/port v000002603c40aee0, 244;
v000002603c40aee0_245 .array/port v000002603c40aee0, 245;
v000002603c40aee0_246 .array/port v000002603c40aee0, 246;
E_000002603c389120/61 .event anyedge, v000002603c40aee0_243, v000002603c40aee0_244, v000002603c40aee0_245, v000002603c40aee0_246;
v000002603c40aee0_247 .array/port v000002603c40aee0, 247;
v000002603c40aee0_248 .array/port v000002603c40aee0, 248;
v000002603c40aee0_249 .array/port v000002603c40aee0, 249;
v000002603c40aee0_250 .array/port v000002603c40aee0, 250;
E_000002603c389120/62 .event anyedge, v000002603c40aee0_247, v000002603c40aee0_248, v000002603c40aee0_249, v000002603c40aee0_250;
v000002603c40aee0_251 .array/port v000002603c40aee0, 251;
v000002603c40aee0_252 .array/port v000002603c40aee0, 252;
v000002603c40aee0_253 .array/port v000002603c40aee0, 253;
v000002603c40aee0_254 .array/port v000002603c40aee0, 254;
E_000002603c389120/63 .event anyedge, v000002603c40aee0_251, v000002603c40aee0_252, v000002603c40aee0_253, v000002603c40aee0_254;
v000002603c40aee0_255 .array/port v000002603c40aee0, 255;
E_000002603c389120/64 .event anyedge, v000002603c40aee0_255;
E_000002603c389120 .event/or E_000002603c389120/0, E_000002603c389120/1, E_000002603c389120/2, E_000002603c389120/3, E_000002603c389120/4, E_000002603c389120/5, E_000002603c389120/6, E_000002603c389120/7, E_000002603c389120/8, E_000002603c389120/9, E_000002603c389120/10, E_000002603c389120/11, E_000002603c389120/12, E_000002603c389120/13, E_000002603c389120/14, E_000002603c389120/15, E_000002603c389120/16, E_000002603c389120/17, E_000002603c389120/18, E_000002603c389120/19, E_000002603c389120/20, E_000002603c389120/21, E_000002603c389120/22, E_000002603c389120/23, E_000002603c389120/24, E_000002603c389120/25, E_000002603c389120/26, E_000002603c389120/27, E_000002603c389120/28, E_000002603c389120/29, E_000002603c389120/30, E_000002603c389120/31, E_000002603c389120/32, E_000002603c389120/33, E_000002603c389120/34, E_000002603c389120/35, E_000002603c389120/36, E_000002603c389120/37, E_000002603c389120/38, E_000002603c389120/39, E_000002603c389120/40, E_000002603c389120/41, E_000002603c389120/42, E_000002603c389120/43, E_000002603c389120/44, E_000002603c389120/45, E_000002603c389120/46, E_000002603c389120/47, E_000002603c389120/48, E_000002603c389120/49, E_000002603c389120/50, E_000002603c389120/51, E_000002603c389120/52, E_000002603c389120/53, E_000002603c389120/54, E_000002603c389120/55, E_000002603c389120/56, E_000002603c389120/57, E_000002603c389120/58, E_000002603c389120/59, E_000002603c389120/60, E_000002603c389120/61, E_000002603c389120/62, E_000002603c389120/63, E_000002603c389120/64;
E_000002603c389a20 .event posedge, v000002603c33e680_0;
S_000002603c33e360 .scope module, "PSW" "PSW" 2 21;
 .timescale 0 0;
    .port_info 0 /INPUT 1 "ZeroFlag";
    .port_info 1 /INPUT 1 "CarryFlag";
    .port_info 2 /OUTPUT 2 "PSW";
o000002603c3b4308 .functor BUFZ 1, C4<z>; HiZ drive
v000002603c40abc0_0 .net "CarryFlag", 0 0, o000002603c3b4308;  0 drivers
v000002603c40b0c0_0 .var "PSW", 1 0;
o000002603c3b4368 .functor BUFZ 1, C4<z>; HiZ drive
v000002603c40aa80_0 .net "ZeroFlag", 0 0, o000002603c3b4368;  0 drivers
E_000002603c389b60 .event anyedge, v000002603c40abc0_0, v000002603c40aa80_0;
S_000002603c33e4f0 .scope module, "RegisterBank" "RegisterBank" 2 30;
 .timescale 0 0;
    .port_info 0 /INPUT 1 "clk";
    .port_info 1 /INPUT 3 "regAddr";
    .port_info 2 /INPUT 8 "writeData";
    .port_info 3 /INPUT 1 "writeEnable";
    .port_info 4 /OUTPUT 8 "readData";
o000002603c3b4428 .functor BUFZ 1, C4<z>; HiZ drive
v000002603c40b160_0 .net "clk", 0 0, o000002603c3b4428;  0 drivers
v000002603c40b520_0 .var "readData", 7 0;
o000002603c3b4488 .functor BUFZ 3, C4<zzz>; HiZ drive
v000002603c40b480_0 .net "regAddr", 2 0, o000002603c3b4488;  0 drivers
v000002603c40a8a0 .array "registers", 0 7, 7 0;
o000002603c3b4638 .functor BUFZ 8, C4<zzzzzzzz>; HiZ drive
v000002603c40b700_0 .net "writeData", 7 0, o000002603c3b4638;  0 drivers
o000002603c3b4668 .functor BUFZ 1, C4<z>; HiZ drive
v000002603c40b200_0 .net "writeEnable", 0 0, o000002603c3b4668;  0 drivers
v000002603c40a8a0_0 .array/port v000002603c40a8a0, 0;
v000002603c40a8a0_1 .array/port v000002603c40a8a0, 1;
v000002603c40a8a0_2 .array/port v000002603c40a8a0, 2;
E_000002603c3896a0/0 .event anyedge, v000002603c40b480_0, v000002603c40a8a0_0, v000002603c40a8a0_1, v000002603c40a8a0_2;
v000002603c40a8a0_3 .array/port v000002603c40a8a0, 3;
v000002603c40a8a0_4 .array/port v000002603c40a8a0, 4;
v000002603c40a8a0_5 .array/port v000002603c40a8a0, 5;
v000002603c40a8a0_6 .array/port v000002603c40a8a0, 6;
E_000002603c3896a0/1 .event anyedge, v000002603c40a8a0_3, v000002603c40a8a0_4, v000002603c40a8a0_5, v000002603c40a8a0_6;
v000002603c40a8a0_7 .array/port v000002603c40a8a0, 7;
E_000002603c3896a0/2 .event anyedge, v000002603c40a8a0_7;
E_000002603c3896a0 .event/or E_000002603c3896a0/0, E_000002603c3896a0/1, E_000002603c3896a0/2;
E_000002603c3892a0 .event posedge, v000002603c40b160_0;
S_000002603c396e90 .scope module, "tb_Processor" "tb_Processor" 3 2;
 .timescale 0 0;
v000002603c40d7e0_0 .var "clk", 0 0;
v000002603c40cfc0_0 .var "dataIn", 7 0;
v000002603c40d100_0 .net "dataOut", 7 0, v000002603c40c3e0_0;  1 drivers
v000002603c40d240_0 .var "instruction", 7 0;
S_000002603c397020 .scope module, "uut" "Processor" 3 10, 2 131 0, S_000002603c396e90;
 .timescale 0 0;
    .port_info 0 /INPUT 1 "clk";
    .port_info 1 /INPUT 8 "instruction";
    .port_info 2 /INPUT 8 "dataIn";
    .port_info 3 /OUTPUT 8 "dataOut";
v000002603c40ae40_0 .net "ALU_Sel", 2 0, v000002603c40b660_0;  1 drivers
v000002603c40ce80_0 .net "Carry", 0 0, v000002603c40ad00_0;  1 drivers
v000002603c40cca0_0 .net "Zero", 0 0, v000002603c40ada0_0;  1 drivers
v000002603c40cde0_0 .net "aluResult", 7 0, v000002603c40ab20_0;  1 drivers
v000002603c40c980_0 .net "clk", 0 0, v000002603c40d7e0_0;  1 drivers
v000002603c40df60_0 .net "dataIn", 7 0, v000002603c40cfc0_0;  1 drivers
v000002603c40c3e0_0 .var "dataOut", 7 0;
v000002603c40d920_0 .net "instruction", 7 0, v000002603c40d240_0;  1 drivers
v000002603c40c8e0_0 .net "loadEnable", 0 0, v000002603c40b7a0_0;  1 drivers
v000002603c40d4c0 .array "mem", 255 0, 7 0;
v000002603c40cf20_0 .var "memAddr", 7 0;
v000002603c40d060_0 .net "memWrite", 0 0, v000002603c40a940_0;  1 drivers
v000002603c40ca20_0 .var "regData", 7 0;
v000002603c40c2a0 .array "regFile", 7 0, 7 0;
v000002603c40dc40_0 .var "regWriteEnable", 0 0;
v000002603c40d1a0_0 .net "storeEnable", 0 0, v000002603c40b020_0;  1 drivers
E_000002603c3898e0 .event anyedge, v000002603c40b7a0_0, v000002603c40ac60_0, v000002603c40b020_0, v000002603c40ab20_0;
E_000002603c389760 .event posedge, v000002603c40c980_0;
S_000002603c38cfd0 .scope module, "alu" "ALU" 2 151, 2 1 0, S_000002603c397020;
 .timescale 0 0;
    .port_info 0 /INPUT 8 "A";
    .port_info 1 /INPUT 8 "B";
    .port_info 2 /INPUT 3 "ALU_Sel";
    .port_info 3 /OUTPUT 8 "ALU_Out";
    .port_info 4 /OUTPUT 1 "Zero";
    .port_info 5 /OUTPUT 1 "Carry";
v000002603c40ac60_0 .net "A", 7 0, v000002603c40ca20_0;  1 drivers
v000002603c40ab20_0 .var "ALU_Out", 7 0;
v000002603c40b5c0_0 .net "ALU_Sel", 2 0, v000002603c40b660_0;  alias, 1 drivers
v000002603c40b340_0 .net "B", 7 0, v000002603c40cfc0_0;  alias, 1 drivers
v000002603c40ad00_0 .var "Carry", 0 0;
v000002603c40ada0_0 .var "Zero", 0 0;
E_000002603c388ca0 .event anyedge, v000002603c40b5c0_0, v000002603c40ac60_0, v000002603c40b340_0, v000002603c40ab20_0;
S_000002603c38d160 .scope module, "controlUnit" "ControlUnit" 2 161, 2 77 0, S_000002603c397020;
 .timescale 0 0;
    .port_info 0 /INPUT 8 "opcode";
    .port_info 1 /OUTPUT 3 "ALU_Sel";
    .port_info 2 /OUTPUT 1 "memWrite";
    .port_info 3 /OUTPUT 1 "regWrite";
    .port_info 4 /OUTPUT 1 "load";
    .port_info 5 /OUTPUT 1 "store";
v000002603c40b660_0 .var "ALU_Sel", 2 0;
v000002603c40b7a0_0 .var "load", 0 0;
v000002603c40a940_0 .var "memWrite", 0 0;
v000002603c40a9e0_0 .net "opcode", 7 0, v000002603c40d240_0;  alias, 1 drivers
v000002603c40af80_0 .var "regWrite", 0 0;
v000002603c40b020_0 .var "store", 0 0;
E_000002603c388da0 .event anyedge, v000002603c40a9e0_0;
    .scope S_000002603c3a1f30;
T_0 ;
    %wait E_000002603c389520;
    %load/vec4 v000002603c353020_0;
    %store/vec4 v000002603c353260_0, 0, 1;
    %jmp T_0;
    .thread T_0;
    .scope S_000002603c3a20c0;
T_1 ;
    %wait E_000002603c389a20;
    %load/vec4 v000002603c33e720_0;
    %flag_set/vec4 8;
    %jmp/0xz  T_1.0, 8;
    %load/vec4 v000002603c40b2a0_0;
    %load/vec4 v000002603c3acee0_0;
    %pad/u 10;
    %ix/vec4 3;
    %ix/load 4, 0, 0; Constant delay
    %assign/vec4/a/d v000002603c40aee0, 0, 4;
T_1.0 ;
    %jmp T_1;
    .thread T_1;
    .scope S_000002603c3a20c0;
T_2 ;
    %wait E_000002603c389120;
    %load/vec4 v000002603c3acee0_0;
    %pad/u 10;
    %ix/vec4 4;
    %load/vec4a v000002603c40aee0, 4;
    %store/vec4 v000002603c40b3e0_0, 0, 8;
    %jmp T_2;
    .thread T_2, $push;
    .scope S_000002603c33e360;
T_3 ;
    %wait E_000002603c389b60;
    %load/vec4 v000002603c40abc0_0;
    %load/vec4 v000002603c40aa80_0;
    %concat/vec4; draw_concat_vec4
    %store/vec4 v000002603c40b0c0_0, 0, 2;
    %jmp T_3;
    .thread T_3, $push;
    .scope S_000002603c33e4f0;
T_4 ;
    %wait E_000002603c3892a0;
    %load/vec4 v000002603c40b200_0;
    %flag_set/vec4 8;
    %jmp/0xz  T_4.0, 8;
    %load/vec4 v000002603c40b700_0;
    %load/vec4 v000002603c40b480_0;
    %pad/u 5;
    %ix/vec4 3;
    %ix/load 4, 0, 0; Constant delay
    %assign/vec4/a/d v000002603c40a8a0, 0, 4;
T_4.0 ;
    %jmp T_4;
    .thread T_4;
    .scope S_000002603c33e4f0;
T_5 ;
    %wait E_000002603c3896a0;
    %load/vec4 v000002603c40b480_0;
    %pad/u 5;
    %ix/vec4 4;
    %load/vec4a v000002603c40a8a0, 4;
    %store/vec4 v000002603c40b520_0, 0, 8;
    %jmp T_5;
    .thread T_5, $push;
    .scope S_000002603c38cfd0;
T_6 ;
    %wait E_000002603c388ca0;
    %load/vec4 v000002603c40b5c0_0;
    %dup/vec4;
    %pushi/vec4 0, 0, 3;
    %cmp/u;
    %jmp/1 T_6.0, 6;
    %dup/vec4;
    %pushi/vec4 1, 0, 3;
    %cmp/u;
    %jmp/1 T_6.1, 6;
    %dup/vec4;
    %pushi/vec4 2, 0, 3;
    %cmp/u;
    %jmp/1 T_6.2, 6;
    %dup/vec4;
    %pushi/vec4 3, 0, 3;
    %cmp/u;
    %jmp/1 T_6.3, 6;
    %dup/vec4;
    %pushi/vec4 4, 0, 3;
    %cmp/u;
    %jmp/1 T_6.4, 6;
    %dup/vec4;
    %pushi/vec4 5, 0, 3;
    %cmp/u;
    %jmp/1 T_6.5, 6;
    %pushi/vec4 0, 0, 8;
    %store/vec4 v000002603c40ab20_0, 0, 8;
    %jmp T_6.7;
T_6.0 ;
    %load/vec4 v000002603c40ac60_0;
    %pad/u 9;
    %load/vec4 v000002603c40b340_0;
    %pad/u 9;
    %add;
    %split/vec4 8;
    %store/vec4 v000002603c40ab20_0, 0, 8;
    %store/vec4 v000002603c40ad00_0, 0, 1;
    %jmp T_6.7;
T_6.1 ;
    %load/vec4 v000002603c40ac60_0;
    %pad/u 9;
    %load/vec4 v000002603c40b340_0;
    %pad/u 9;
    %sub;
    %split/vec4 8;
    %store/vec4 v000002603c40ab20_0, 0, 8;
    %store/vec4 v000002603c40ad00_0, 0, 1;
    %jmp T_6.7;
T_6.2 ;
    %load/vec4 v000002603c40ac60_0;
    %load/vec4 v000002603c40b340_0;
    %and;
    %store/vec4 v000002603c40ab20_0, 0, 8;
    %jmp T_6.7;
T_6.3 ;
    %load/vec4 v000002603c40ac60_0;
    %load/vec4 v000002603c40b340_0;
    %or;
    %store/vec4 v000002603c40ab20_0, 0, 8;
    %jmp T_6.7;
T_6.4 ;
    %load/vec4 v000002603c40ac60_0;
    %load/vec4 v000002603c40b340_0;
    %xor;
    %store/vec4 v000002603c40ab20_0, 0, 8;
    %jmp T_6.7;
T_6.5 ;
    %load/vec4 v000002603c40ac60_0;
    %inv;
    %store/vec4 v000002603c40ab20_0, 0, 8;
    %jmp T_6.7;
T_6.7 ;
    %pop/vec4 1;
    %load/vec4 v000002603c40ab20_0;
    %pushi/vec4 0, 0, 8;
    %cmp/e;
    %flag_get/vec4 4;
    %store/vec4 v000002603c40ada0_0, 0, 1;
    %jmp T_6;
    .thread T_6, $push;
    .scope S_000002603c38d160;
T_7 ;
    %wait E_000002603c388da0;
    %pushi/vec4 0, 0, 3;
    %store/vec4 v000002603c40b660_0, 0, 3;
    %pushi/vec4 0, 0, 1;
    %store/vec4 v000002603c40a940_0, 0, 1;
    %pushi/vec4 0, 0, 1;
    %store/vec4 v000002603c40af80_0, 0, 1;
    %pushi/vec4 0, 0, 1;
    %store/vec4 v000002603c40b7a0_0, 0, 1;
    %pushi/vec4 0, 0, 1;
    %store/vec4 v000002603c40b020_0, 0, 1;
    %load/vec4 v000002603c40a9e0_0;
    %parti/s 4, 4, 4;
    %dup/vec4;
    %pushi/vec4 0, 0, 4;
    %cmp/u;
    %jmp/1 T_7.0, 6;
    %dup/vec4;
    %pushi/vec4 1, 0, 4;
    %cmp/u;
    %jmp/1 T_7.1, 6;
    %dup/vec4;
    %pushi/vec4 2, 0, 4;
    %cmp/u;
    %jmp/1 T_7.2, 6;
    %dup/vec4;
    %pushi/vec4 3, 0, 4;
    %cmp/u;
    %jmp/1 T_7.3, 6;
    %dup/vec4;
    %pushi/vec4 4, 0, 4;
    %cmp/u;
    %jmp/1 T_7.4, 6;
    %dup/vec4;
    %pushi/vec4 5, 0, 4;
    %cmp/u;
    %jmp/1 T_7.5, 6;
    %dup/vec4;
    %pushi/vec4 6, 0, 4;
    %cmp/u;
    %jmp/1 T_7.6, 6;
    %dup/vec4;
    %pushi/vec4 7, 0, 4;
    %cmp/u;
    %jmp/1 T_7.7, 6;
    %jmp T_7.9;
T_7.0 ;
    %pushi/vec4 1, 0, 1;
    %store/vec4 v000002603c40b7a0_0, 0, 1;
    %jmp T_7.9;
T_7.1 ;
    %pushi/vec4 1, 0, 1;
    %store/vec4 v000002603c40b020_0, 0, 1;
    %jmp T_7.9;
T_7.2 ;
    %pushi/vec4 0, 0, 3;
    %store/vec4 v000002603c40b660_0, 0, 3;
    %pushi/vec4 1, 0, 1;
    %store/vec4 v000002603c40af80_0, 0, 1;
    %jmp T_7.9;
T_7.3 ;
    %pushi/vec4 1, 0, 3;
    %store/vec4 v000002603c40b660_0, 0, 3;
    %pushi/vec4 1, 0, 1;
    %store/vec4 v000002603c40af80_0, 0, 1;
    %jmp T_7.9;
T_7.4 ;
    %pushi/vec4 2, 0, 3;
    %store/vec4 v000002603c40b660_0, 0, 3;
    %pushi/vec4 1, 0, 1;
    %store/vec4 v000002603c40af80_0, 0, 1;
    %jmp T_7.9;
T_7.5 ;
    %pushi/vec4 3, 0, 3;
    %store/vec4 v000002603c40b660_0, 0, 3;
    %pushi/vec4 1, 0, 1;
    %store/vec4 v000002603c40af80_0, 0, 1;
    %jmp T_7.9;
T_7.6 ;
    %pushi/vec4 4, 0, 3;
    %store/vec4 v000002603c40b660_0, 0, 3;
    %pushi/vec4 1, 0, 1;
    %store/vec4 v000002603c40af80_0, 0, 1;
    %jmp T_7.9;
T_7.7 ;
    %pushi/vec4 5, 0, 3;
    %store/vec4 v000002603c40b660_0, 0, 3;
    %pushi/vec4 1, 0, 1;
    %store/vec4 v000002603c40af80_0, 0, 1;
    %jmp T_7.9;
T_7.9 ;
    %pop/vec4 1;
    %jmp T_7;
    .thread T_7, $push;
    .scope S_000002603c397020;
T_8 ;
    %wait E_000002603c389760;
    %load/vec4 v000002603c40d1a0_0;
    %flag_set/vec4 8;
    %jmp/0xz  T_8.0, 8;
    %load/vec4 v000002603c40ca20_0;
    %load/vec4 v000002603c40cf20_0;
    %pad/u 10;
    %ix/vec4 3;
    %ix/load 4, 0, 0; Constant delay
    %assign/vec4/a/d v000002603c40d4c0, 0, 4;
T_8.0 ;
    %load/vec4 v000002603c40c8e0_0;
    %flag_set/vec4 8;
    %jmp/0xz  T_8.2, 8;
    %load/vec4 v000002603c40cf20_0;
    %pad/u 10;
    %ix/vec4 4;
    %load/vec4a v000002603c40d4c0, 4;
    %assign/vec4 v000002603c40ca20_0, 0;
T_8.2 ;
    %jmp T_8;
    .thread T_8;
    .scope S_000002603c397020;
T_9 ;
    %wait E_000002603c389760;
    %load/vec4 v000002603c40dc40_0;
    %flag_set/vec4 8;
    %jmp/0xz  T_9.0, 8;
    %load/vec4 v000002603c40cde0_0;
    %load/vec4 v000002603c40d920_0;
    %parti/s 3, 0, 2;
    %pad/u 5;
    %ix/vec4 3;
    %ix/load 4, 0, 0; Constant delay
    %assign/vec4/a/d v000002603c40c2a0, 0, 4;
T_9.0 ;
    %load/vec4 v000002603c40d920_0;
    %assign/vec4 v000002603c40cf20_0, 0;
    %jmp T_9;
    .thread T_9;
    .scope S_000002603c397020;
T_10 ;
    %wait E_000002603c3898e0;
    %load/vec4 v000002603c40c8e0_0;
    %flag_set/vec4 8;
    %jmp/0xz  T_10.0, 8;
    %load/vec4 v000002603c40ca20_0;
    %store/vec4 v000002603c40c3e0_0, 0, 8;
    %jmp T_10.1;
T_10.0 ;
    %load/vec4 v000002603c40d1a0_0;
    %flag_set/vec4 8;
    %jmp/0xz  T_10.2, 8;
    %load/vec4 v000002603c40cde0_0;
    %store/vec4 v000002603c40c3e0_0, 0, 8;
    %jmp T_10.3;
T_10.2 ;
    %pushi/vec4 0, 255, 8;
    %store/vec4 v000002603c40c3e0_0, 0, 8;
T_10.3 ;
T_10.1 ;
    %jmp T_10;
    .thread T_10, $push;
    .scope S_000002603c396e90;
T_11 ;
    %delay 5, 0;
    %load/vec4 v000002603c40d7e0_0;
    %inv;
    %store/vec4 v000002603c40d7e0_0, 0, 1;
    %jmp T_11;
    .thread T_11;
    .scope S_000002603c396e90;
T_12 ;
    %pushi/vec4 0, 0, 1;
    %store/vec4 v000002603c40d7e0_0, 0, 1;
    %pushi/vec4 0, 0, 8;
    %store/vec4 v000002603c40d240_0, 0, 8;
    %pushi/vec4 0, 0, 8;
    %store/vec4 v000002603c40cfc0_0, 0, 8;
    %delay 10, 0;
    %pushi/vec4 0, 0, 8;
    %store/vec4 v000002603c40d240_0, 0, 8;
    %pushi/vec4 16, 0, 8;
    %store/vec4 v000002603c40cfc0_0, 0, 8;
    %delay 10, 0;
    %delay 10, 0;
    %pushi/vec4 1, 0, 8;
    %store/vec4 v000002603c40d240_0, 0, 8;
    %delay 10, 0;
    %delay 10, 0;
    %pushi/vec4 16, 0, 8;
    %store/vec4 v000002603c40d240_0, 0, 8;
    %pushi/vec4 32, 0, 8;
    %store/vec4 v000002603c40cfc0_0, 0, 8;
    %delay 10, 0;
    %delay 10, 0;
    %pushi/vec4 1, 0, 8;
    %store/vec4 v000002603c40d240_0, 0, 8;
    %delay 10, 0;
    %delay 10, 0;
    %pushi/vec4 32, 0, 8;
    %store/vec4 v000002603c40d240_0, 0, 8;
    %pushi/vec4 5, 0, 8;
    %store/vec4 v000002603c40cfc0_0, 0, 8;
    %delay 10, 0;
    %delay 10, 0;
    %pushi/vec4 48, 0, 8;
    %store/vec4 v000002603c40d240_0, 0, 8;
    %pushi/vec4 3, 0, 8;
    %store/vec4 v000002603c40cfc0_0, 0, 8;
    %delay 10, 0;
    %delay 10, 0;
    %vpi_call 3 55 "$finish" {0 0 0};
    %end;
    .thread T_12;
    .scope S_000002603c396e90;
T_13 ;
    %vpi_call 3 59 "$monitor", "Time: %0t | Instruction: %b | Data In: %h | Data Out: %h", $time, v000002603c40d240_0, v000002603c40cfc0_0, v000002603c40d100_0 {0 0 0};
    %end;
    .thread T_13;
# The file index is used to find the file name in the following table.
:file_names 4;
    "N/A";
    "<interactive>";
    "./debug.v";
    "debug_tb.v";
