#! /c/Source/iverilog-install/bin/vvp
:ivl_version "12.0 (devel)" "(s20150603-1539-g2693dd32b)";
:ivl_delay_selection "TYPICAL";
:vpi_time_precision + 0;
:vpi_module "C:\iverilog\lib\ivl\system.vpi";
:vpi_module "C:\iverilog\lib\ivl\vhdl_sys.vpi";
:vpi_module "C:\iverilog\lib\ivl\vhdl_textio.vpi";
:vpi_module "C:\iverilog\lib\ivl\v2005_math.vpi";
:vpi_module "C:\iverilog\lib\ivl\va_math.vpi";
S_000001a9d68ee440 .scope module, "InterruptController" "InterruptController" 2 68;
 .timescale 0 0;
    .port_info 0 /INPUT 1 "clk";
    .port_info 1 /INPUT 1 "interrupt";
    .port_info 2 /OUTPUT 1 "interruptSignal";
o000001a9d695bfd8 .functor BUFZ 1, C4<z>; HiZ drive
v000001a9d692d150_0 .net "clk", 0 0, o000001a9d695bfd8;  0 drivers
o000001a9d695c008 .functor BUFZ 1, C4<z>; HiZ drive
v000001a9d6902fe0_0 .net "interrupt", 0 0, o000001a9d695c008;  0 drivers
v000001a9d6903220_0 .var "interruptSignal", 0 0;
E_000001a9d6953fe0 .event posedge, v000001a9d692d150_0;
S_000001a9d68ee5d0 .scope module, "MemoryBank" "MemoryBank" 2 49;
 .timescale 0 0;
    .port_info 0 /INPUT 1 "clk";
    .port_info 1 /INPUT 8 "addr";
    .port_info 2 /INPUT 8 "writeData";
    .port_info 3 /INPUT 1 "memWrite";
    .port_info 4 /OUTPUT 8 "readData";
o000001a9d695c0f8 .functor BUFZ 8, C4<zzzzzzzz>; HiZ drive
v000001a9d69471b0_0 .net "addr", 7 0, o000001a9d695c0f8;  0 drivers
o000001a9d695c128 .functor BUFZ 1, C4<z>; HiZ drive
v000001a9d6947250_0 .net "clk", 0 0, o000001a9d695c128;  0 drivers
o000001a9d695c158 .functor BUFZ 1, C4<z>; HiZ drive
v000001a9d68ed8e0_0 .net "memWrite", 0 0, o000001a9d695c158;  0 drivers
v000001a9d69ad9a0 .array "memory", 0 255, 7 0;
v000001a9d69ae620_0 .var "readData", 7 0;
o000001a9d695f1b8 .functor BUFZ 8, C4<zzzzzzzz>; HiZ drive
v000001a9d69ada40_0 .net "writeData", 7 0, o000001a9d695f1b8;  0 drivers
v000001a9d69ad9a0_0 .array/port v000001a9d69ad9a0, 0;
v000001a9d69ad9a0_1 .array/port v000001a9d69ad9a0, 1;
v000001a9d69ad9a0_2 .array/port v000001a9d69ad9a0, 2;
E_000001a9d69547e0/0 .event anyedge, v000001a9d69471b0_0, v000001a9d69ad9a0_0, v000001a9d69ad9a0_1, v000001a9d69ad9a0_2;
v000001a9d69ad9a0_3 .array/port v000001a9d69ad9a0, 3;
v000001a9d69ad9a0_4 .array/port v000001a9d69ad9a0, 4;
v000001a9d69ad9a0_5 .array/port v000001a9d69ad9a0, 5;
v000001a9d69ad9a0_6 .array/port v000001a9d69ad9a0, 6;
E_000001a9d69547e0/1 .event anyedge, v000001a9d69ad9a0_3, v000001a9d69ad9a0_4, v000001a9d69ad9a0_5, v000001a9d69ad9a0_6;
v000001a9d69ad9a0_7 .array/port v000001a9d69ad9a0, 7;
v000001a9d69ad9a0_8 .array/port v000001a9d69ad9a0, 8;
v000001a9d69ad9a0_9 .array/port v000001a9d69ad9a0, 9;
v000001a9d69ad9a0_10 .array/port v000001a9d69ad9a0, 10;
E_000001a9d69547e0/2 .event anyedge, v000001a9d69ad9a0_7, v000001a9d69ad9a0_8, v000001a9d69ad9a0_9, v000001a9d69ad9a0_10;
v000001a9d69ad9a0_11 .array/port v000001a9d69ad9a0, 11;
v000001a9d69ad9a0_12 .array/port v000001a9d69ad9a0, 12;
v000001a9d69ad9a0_13 .array/port v000001a9d69ad9a0, 13;
v000001a9d69ad9a0_14 .array/port v000001a9d69ad9a0, 14;
E_000001a9d69547e0/3 .event anyedge, v000001a9d69ad9a0_11, v000001a9d69ad9a0_12, v000001a9d69ad9a0_13, v000001a9d69ad9a0_14;
v000001a9d69ad9a0_15 .array/port v000001a9d69ad9a0, 15;
v000001a9d69ad9a0_16 .array/port v000001a9d69ad9a0, 16;
v000001a9d69ad9a0_17 .array/port v000001a9d69ad9a0, 17;
v000001a9d69ad9a0_18 .array/port v000001a9d69ad9a0, 18;
E_000001a9d69547e0/4 .event anyedge, v000001a9d69ad9a0_15, v000001a9d69ad9a0_16, v000001a9d69ad9a0_17, v000001a9d69ad9a0_18;
v000001a9d69ad9a0_19 .array/port v000001a9d69ad9a0, 19;
v000001a9d69ad9a0_20 .array/port v000001a9d69ad9a0, 20;
v000001a9d69ad9a0_21 .array/port v000001a9d69ad9a0, 21;
v000001a9d69ad9a0_22 .array/port v000001a9d69ad9a0, 22;
E_000001a9d69547e0/5 .event anyedge, v000001a9d69ad9a0_19, v000001a9d69ad9a0_20, v000001a9d69ad9a0_21, v000001a9d69ad9a0_22;
v000001a9d69ad9a0_23 .array/port v000001a9d69ad9a0, 23;
v000001a9d69ad9a0_24 .array/port v000001a9d69ad9a0, 24;
v000001a9d69ad9a0_25 .array/port v000001a9d69ad9a0, 25;
v000001a9d69ad9a0_26 .array/port v000001a9d69ad9a0, 26;
E_000001a9d69547e0/6 .event anyedge, v000001a9d69ad9a0_23, v000001a9d69ad9a0_24, v000001a9d69ad9a0_25, v000001a9d69ad9a0_26;
v000001a9d69ad9a0_27 .array/port v000001a9d69ad9a0, 27;
v000001a9d69ad9a0_28 .array/port v000001a9d69ad9a0, 28;
v000001a9d69ad9a0_29 .array/port v000001a9d69ad9a0, 29;
v000001a9d69ad9a0_30 .array/port v000001a9d69ad9a0, 30;
E_000001a9d69547e0/7 .event anyedge, v000001a9d69ad9a0_27, v000001a9d69ad9a0_28, v000001a9d69ad9a0_29, v000001a9d69ad9a0_30;
v000001a9d69ad9a0_31 .array/port v000001a9d69ad9a0, 31;
v000001a9d69ad9a0_32 .array/port v000001a9d69ad9a0, 32;
v000001a9d69ad9a0_33 .array/port v000001a9d69ad9a0, 33;
v000001a9d69ad9a0_34 .array/port v000001a9d69ad9a0, 34;
E_000001a9d69547e0/8 .event anyedge, v000001a9d69ad9a0_31, v000001a9d69ad9a0_32, v000001a9d69ad9a0_33, v000001a9d69ad9a0_34;
v000001a9d69ad9a0_35 .array/port v000001a9d69ad9a0, 35;
v000001a9d69ad9a0_36 .array/port v000001a9d69ad9a0, 36;
v000001a9d69ad9a0_37 .array/port v000001a9d69ad9a0, 37;
v000001a9d69ad9a0_38 .array/port v000001a9d69ad9a0, 38;
E_000001a9d69547e0/9 .event anyedge, v000001a9d69ad9a0_35, v000001a9d69ad9a0_36, v000001a9d69ad9a0_37, v000001a9d69ad9a0_38;
v000001a9d69ad9a0_39 .array/port v000001a9d69ad9a0, 39;
v000001a9d69ad9a0_40 .array/port v000001a9d69ad9a0, 40;
v000001a9d69ad9a0_41 .array/port v000001a9d69ad9a0, 41;
v000001a9d69ad9a0_42 .array/port v000001a9d69ad9a0, 42;
E_000001a9d69547e0/10 .event anyedge, v000001a9d69ad9a0_39, v000001a9d69ad9a0_40, v000001a9d69ad9a0_41, v000001a9d69ad9a0_42;
v000001a9d69ad9a0_43 .array/port v000001a9d69ad9a0, 43;
v000001a9d69ad9a0_44 .array/port v000001a9d69ad9a0, 44;
v000001a9d69ad9a0_45 .array/port v000001a9d69ad9a0, 45;
v000001a9d69ad9a0_46 .array/port v000001a9d69ad9a0, 46;
E_000001a9d69547e0/11 .event anyedge, v000001a9d69ad9a0_43, v000001a9d69ad9a0_44, v000001a9d69ad9a0_45, v000001a9d69ad9a0_46;
v000001a9d69ad9a0_47 .array/port v000001a9d69ad9a0, 47;
v000001a9d69ad9a0_48 .array/port v000001a9d69ad9a0, 48;
v000001a9d69ad9a0_49 .array/port v000001a9d69ad9a0, 49;
v000001a9d69ad9a0_50 .array/port v000001a9d69ad9a0, 50;
E_000001a9d69547e0/12 .event anyedge, v000001a9d69ad9a0_47, v000001a9d69ad9a0_48, v000001a9d69ad9a0_49, v000001a9d69ad9a0_50;
v000001a9d69ad9a0_51 .array/port v000001a9d69ad9a0, 51;
v000001a9d69ad9a0_52 .array/port v000001a9d69ad9a0, 52;
v000001a9d69ad9a0_53 .array/port v000001a9d69ad9a0, 53;
v000001a9d69ad9a0_54 .array/port v000001a9d69ad9a0, 54;
E_000001a9d69547e0/13 .event anyedge, v000001a9d69ad9a0_51, v000001a9d69ad9a0_52, v000001a9d69ad9a0_53, v000001a9d69ad9a0_54;
v000001a9d69ad9a0_55 .array/port v000001a9d69ad9a0, 55;
v000001a9d69ad9a0_56 .array/port v000001a9d69ad9a0, 56;
v000001a9d69ad9a0_57 .array/port v000001a9d69ad9a0, 57;
v000001a9d69ad9a0_58 .array/port v000001a9d69ad9a0, 58;
E_000001a9d69547e0/14 .event anyedge, v000001a9d69ad9a0_55, v000001a9d69ad9a0_56, v000001a9d69ad9a0_57, v000001a9d69ad9a0_58;
v000001a9d69ad9a0_59 .array/port v000001a9d69ad9a0, 59;
v000001a9d69ad9a0_60 .array/port v000001a9d69ad9a0, 60;
v000001a9d69ad9a0_61 .array/port v000001a9d69ad9a0, 61;
v000001a9d69ad9a0_62 .array/port v000001a9d69ad9a0, 62;
E_000001a9d69547e0/15 .event anyedge, v000001a9d69ad9a0_59, v000001a9d69ad9a0_60, v000001a9d69ad9a0_61, v000001a9d69ad9a0_62;
v000001a9d69ad9a0_63 .array/port v000001a9d69ad9a0, 63;
v000001a9d69ad9a0_64 .array/port v000001a9d69ad9a0, 64;
v000001a9d69ad9a0_65 .array/port v000001a9d69ad9a0, 65;
v000001a9d69ad9a0_66 .array/port v000001a9d69ad9a0, 66;
E_000001a9d69547e0/16 .event anyedge, v000001a9d69ad9a0_63, v000001a9d69ad9a0_64, v000001a9d69ad9a0_65, v000001a9d69ad9a0_66;
v000001a9d69ad9a0_67 .array/port v000001a9d69ad9a0, 67;
v000001a9d69ad9a0_68 .array/port v000001a9d69ad9a0, 68;
v000001a9d69ad9a0_69 .array/port v000001a9d69ad9a0, 69;
v000001a9d69ad9a0_70 .array/port v000001a9d69ad9a0, 70;
E_000001a9d69547e0/17 .event anyedge, v000001a9d69ad9a0_67, v000001a9d69ad9a0_68, v000001a9d69ad9a0_69, v000001a9d69ad9a0_70;
v000001a9d69ad9a0_71 .array/port v000001a9d69ad9a0, 71;
v000001a9d69ad9a0_72 .array/port v000001a9d69ad9a0, 72;
v000001a9d69ad9a0_73 .array/port v000001a9d69ad9a0, 73;
v000001a9d69ad9a0_74 .array/port v000001a9d69ad9a0, 74;
E_000001a9d69547e0/18 .event anyedge, v000001a9d69ad9a0_71, v000001a9d69ad9a0_72, v000001a9d69ad9a0_73, v000001a9d69ad9a0_74;
v000001a9d69ad9a0_75 .array/port v000001a9d69ad9a0, 75;
v000001a9d69ad9a0_76 .array/port v000001a9d69ad9a0, 76;
v000001a9d69ad9a0_77 .array/port v000001a9d69ad9a0, 77;
v000001a9d69ad9a0_78 .array/port v000001a9d69ad9a0, 78;
E_000001a9d69547e0/19 .event anyedge, v000001a9d69ad9a0_75, v000001a9d69ad9a0_76, v000001a9d69ad9a0_77, v000001a9d69ad9a0_78;
v000001a9d69ad9a0_79 .array/port v000001a9d69ad9a0, 79;
v000001a9d69ad9a0_80 .array/port v000001a9d69ad9a0, 80;
v000001a9d69ad9a0_81 .array/port v000001a9d69ad9a0, 81;
v000001a9d69ad9a0_82 .array/port v000001a9d69ad9a0, 82;
E_000001a9d69547e0/20 .event anyedge, v000001a9d69ad9a0_79, v000001a9d69ad9a0_80, v000001a9d69ad9a0_81, v000001a9d69ad9a0_82;
v000001a9d69ad9a0_83 .array/port v000001a9d69ad9a0, 83;
v000001a9d69ad9a0_84 .array/port v000001a9d69ad9a0, 84;
v000001a9d69ad9a0_85 .array/port v000001a9d69ad9a0, 85;
v000001a9d69ad9a0_86 .array/port v000001a9d69ad9a0, 86;
E_000001a9d69547e0/21 .event anyedge, v000001a9d69ad9a0_83, v000001a9d69ad9a0_84, v000001a9d69ad9a0_85, v000001a9d69ad9a0_86;
v000001a9d69ad9a0_87 .array/port v000001a9d69ad9a0, 87;
v000001a9d69ad9a0_88 .array/port v000001a9d69ad9a0, 88;
v000001a9d69ad9a0_89 .array/port v000001a9d69ad9a0, 89;
v000001a9d69ad9a0_90 .array/port v000001a9d69ad9a0, 90;
E_000001a9d69547e0/22 .event anyedge, v000001a9d69ad9a0_87, v000001a9d69ad9a0_88, v000001a9d69ad9a0_89, v000001a9d69ad9a0_90;
v000001a9d69ad9a0_91 .array/port v000001a9d69ad9a0, 91;
v000001a9d69ad9a0_92 .array/port v000001a9d69ad9a0, 92;
v000001a9d69ad9a0_93 .array/port v000001a9d69ad9a0, 93;
v000001a9d69ad9a0_94 .array/port v000001a9d69ad9a0, 94;
E_000001a9d69547e0/23 .event anyedge, v000001a9d69ad9a0_91, v000001a9d69ad9a0_92, v000001a9d69ad9a0_93, v000001a9d69ad9a0_94;
v000001a9d69ad9a0_95 .array/port v000001a9d69ad9a0, 95;
v000001a9d69ad9a0_96 .array/port v000001a9d69ad9a0, 96;
v000001a9d69ad9a0_97 .array/port v000001a9d69ad9a0, 97;
v000001a9d69ad9a0_98 .array/port v000001a9d69ad9a0, 98;
E_000001a9d69547e0/24 .event anyedge, v000001a9d69ad9a0_95, v000001a9d69ad9a0_96, v000001a9d69ad9a0_97, v000001a9d69ad9a0_98;
v000001a9d69ad9a0_99 .array/port v000001a9d69ad9a0, 99;
v000001a9d69ad9a0_100 .array/port v000001a9d69ad9a0, 100;
v000001a9d69ad9a0_101 .array/port v000001a9d69ad9a0, 101;
v000001a9d69ad9a0_102 .array/port v000001a9d69ad9a0, 102;
E_000001a9d69547e0/25 .event anyedge, v000001a9d69ad9a0_99, v000001a9d69ad9a0_100, v000001a9d69ad9a0_101, v000001a9d69ad9a0_102;
v000001a9d69ad9a0_103 .array/port v000001a9d69ad9a0, 103;
v000001a9d69ad9a0_104 .array/port v000001a9d69ad9a0, 104;
v000001a9d69ad9a0_105 .array/port v000001a9d69ad9a0, 105;
v000001a9d69ad9a0_106 .array/port v000001a9d69ad9a0, 106;
E_000001a9d69547e0/26 .event anyedge, v000001a9d69ad9a0_103, v000001a9d69ad9a0_104, v000001a9d69ad9a0_105, v000001a9d69ad9a0_106;
v000001a9d69ad9a0_107 .array/port v000001a9d69ad9a0, 107;
v000001a9d69ad9a0_108 .array/port v000001a9d69ad9a0, 108;
v000001a9d69ad9a0_109 .array/port v000001a9d69ad9a0, 109;
v000001a9d69ad9a0_110 .array/port v000001a9d69ad9a0, 110;
E_000001a9d69547e0/27 .event anyedge, v000001a9d69ad9a0_107, v000001a9d69ad9a0_108, v000001a9d69ad9a0_109, v000001a9d69ad9a0_110;
v000001a9d69ad9a0_111 .array/port v000001a9d69ad9a0, 111;
v000001a9d69ad9a0_112 .array/port v000001a9d69ad9a0, 112;
v000001a9d69ad9a0_113 .array/port v000001a9d69ad9a0, 113;
v000001a9d69ad9a0_114 .array/port v000001a9d69ad9a0, 114;
E_000001a9d69547e0/28 .event anyedge, v000001a9d69ad9a0_111, v000001a9d69ad9a0_112, v000001a9d69ad9a0_113, v000001a9d69ad9a0_114;
v000001a9d69ad9a0_115 .array/port v000001a9d69ad9a0, 115;
v000001a9d69ad9a0_116 .array/port v000001a9d69ad9a0, 116;
v000001a9d69ad9a0_117 .array/port v000001a9d69ad9a0, 117;
v000001a9d69ad9a0_118 .array/port v000001a9d69ad9a0, 118;
E_000001a9d69547e0/29 .event anyedge, v000001a9d69ad9a0_115, v000001a9d69ad9a0_116, v000001a9d69ad9a0_117, v000001a9d69ad9a0_118;
v000001a9d69ad9a0_119 .array/port v000001a9d69ad9a0, 119;
v000001a9d69ad9a0_120 .array/port v000001a9d69ad9a0, 120;
v000001a9d69ad9a0_121 .array/port v000001a9d69ad9a0, 121;
v000001a9d69ad9a0_122 .array/port v000001a9d69ad9a0, 122;
E_000001a9d69547e0/30 .event anyedge, v000001a9d69ad9a0_119, v000001a9d69ad9a0_120, v000001a9d69ad9a0_121, v000001a9d69ad9a0_122;
v000001a9d69ad9a0_123 .array/port v000001a9d69ad9a0, 123;
v000001a9d69ad9a0_124 .array/port v000001a9d69ad9a0, 124;
v000001a9d69ad9a0_125 .array/port v000001a9d69ad9a0, 125;
v000001a9d69ad9a0_126 .array/port v000001a9d69ad9a0, 126;
E_000001a9d69547e0/31 .event anyedge, v000001a9d69ad9a0_123, v000001a9d69ad9a0_124, v000001a9d69ad9a0_125, v000001a9d69ad9a0_126;
v000001a9d69ad9a0_127 .array/port v000001a9d69ad9a0, 127;
v000001a9d69ad9a0_128 .array/port v000001a9d69ad9a0, 128;
v000001a9d69ad9a0_129 .array/port v000001a9d69ad9a0, 129;
v000001a9d69ad9a0_130 .array/port v000001a9d69ad9a0, 130;
E_000001a9d69547e0/32 .event anyedge, v000001a9d69ad9a0_127, v000001a9d69ad9a0_128, v000001a9d69ad9a0_129, v000001a9d69ad9a0_130;
v000001a9d69ad9a0_131 .array/port v000001a9d69ad9a0, 131;
v000001a9d69ad9a0_132 .array/port v000001a9d69ad9a0, 132;
v000001a9d69ad9a0_133 .array/port v000001a9d69ad9a0, 133;
v000001a9d69ad9a0_134 .array/port v000001a9d69ad9a0, 134;
E_000001a9d69547e0/33 .event anyedge, v000001a9d69ad9a0_131, v000001a9d69ad9a0_132, v000001a9d69ad9a0_133, v000001a9d69ad9a0_134;
v000001a9d69ad9a0_135 .array/port v000001a9d69ad9a0, 135;
v000001a9d69ad9a0_136 .array/port v000001a9d69ad9a0, 136;
v000001a9d69ad9a0_137 .array/port v000001a9d69ad9a0, 137;
v000001a9d69ad9a0_138 .array/port v000001a9d69ad9a0, 138;
E_000001a9d69547e0/34 .event anyedge, v000001a9d69ad9a0_135, v000001a9d69ad9a0_136, v000001a9d69ad9a0_137, v000001a9d69ad9a0_138;
v000001a9d69ad9a0_139 .array/port v000001a9d69ad9a0, 139;
v000001a9d69ad9a0_140 .array/port v000001a9d69ad9a0, 140;
v000001a9d69ad9a0_141 .array/port v000001a9d69ad9a0, 141;
v000001a9d69ad9a0_142 .array/port v000001a9d69ad9a0, 142;
E_000001a9d69547e0/35 .event anyedge, v000001a9d69ad9a0_139, v000001a9d69ad9a0_140, v000001a9d69ad9a0_141, v000001a9d69ad9a0_142;
v000001a9d69ad9a0_143 .array/port v000001a9d69ad9a0, 143;
v000001a9d69ad9a0_144 .array/port v000001a9d69ad9a0, 144;
v000001a9d69ad9a0_145 .array/port v000001a9d69ad9a0, 145;
v000001a9d69ad9a0_146 .array/port v000001a9d69ad9a0, 146;
E_000001a9d69547e0/36 .event anyedge, v000001a9d69ad9a0_143, v000001a9d69ad9a0_144, v000001a9d69ad9a0_145, v000001a9d69ad9a0_146;
v000001a9d69ad9a0_147 .array/port v000001a9d69ad9a0, 147;
v000001a9d69ad9a0_148 .array/port v000001a9d69ad9a0, 148;
v000001a9d69ad9a0_149 .array/port v000001a9d69ad9a0, 149;
v000001a9d69ad9a0_150 .array/port v000001a9d69ad9a0, 150;
E_000001a9d69547e0/37 .event anyedge, v000001a9d69ad9a0_147, v000001a9d69ad9a0_148, v000001a9d69ad9a0_149, v000001a9d69ad9a0_150;
v000001a9d69ad9a0_151 .array/port v000001a9d69ad9a0, 151;
v000001a9d69ad9a0_152 .array/port v000001a9d69ad9a0, 152;
v000001a9d69ad9a0_153 .array/port v000001a9d69ad9a0, 153;
v000001a9d69ad9a0_154 .array/port v000001a9d69ad9a0, 154;
E_000001a9d69547e0/38 .event anyedge, v000001a9d69ad9a0_151, v000001a9d69ad9a0_152, v000001a9d69ad9a0_153, v000001a9d69ad9a0_154;
v000001a9d69ad9a0_155 .array/port v000001a9d69ad9a0, 155;
v000001a9d69ad9a0_156 .array/port v000001a9d69ad9a0, 156;
v000001a9d69ad9a0_157 .array/port v000001a9d69ad9a0, 157;
v000001a9d69ad9a0_158 .array/port v000001a9d69ad9a0, 158;
E_000001a9d69547e0/39 .event anyedge, v000001a9d69ad9a0_155, v000001a9d69ad9a0_156, v000001a9d69ad9a0_157, v000001a9d69ad9a0_158;
v000001a9d69ad9a0_159 .array/port v000001a9d69ad9a0, 159;
v000001a9d69ad9a0_160 .array/port v000001a9d69ad9a0, 160;
v000001a9d69ad9a0_161 .array/port v000001a9d69ad9a0, 161;
v000001a9d69ad9a0_162 .array/port v000001a9d69ad9a0, 162;
E_000001a9d69547e0/40 .event anyedge, v000001a9d69ad9a0_159, v000001a9d69ad9a0_160, v000001a9d69ad9a0_161, v000001a9d69ad9a0_162;
v000001a9d69ad9a0_163 .array/port v000001a9d69ad9a0, 163;
v000001a9d69ad9a0_164 .array/port v000001a9d69ad9a0, 164;
v000001a9d69ad9a0_165 .array/port v000001a9d69ad9a0, 165;
v000001a9d69ad9a0_166 .array/port v000001a9d69ad9a0, 166;
E_000001a9d69547e0/41 .event anyedge, v000001a9d69ad9a0_163, v000001a9d69ad9a0_164, v000001a9d69ad9a0_165, v000001a9d69ad9a0_166;
v000001a9d69ad9a0_167 .array/port v000001a9d69ad9a0, 167;
v000001a9d69ad9a0_168 .array/port v000001a9d69ad9a0, 168;
v000001a9d69ad9a0_169 .array/port v000001a9d69ad9a0, 169;
v000001a9d69ad9a0_170 .array/port v000001a9d69ad9a0, 170;
E_000001a9d69547e0/42 .event anyedge, v000001a9d69ad9a0_167, v000001a9d69ad9a0_168, v000001a9d69ad9a0_169, v000001a9d69ad9a0_170;
v000001a9d69ad9a0_171 .array/port v000001a9d69ad9a0, 171;
v000001a9d69ad9a0_172 .array/port v000001a9d69ad9a0, 172;
v000001a9d69ad9a0_173 .array/port v000001a9d69ad9a0, 173;
v000001a9d69ad9a0_174 .array/port v000001a9d69ad9a0, 174;
E_000001a9d69547e0/43 .event anyedge, v000001a9d69ad9a0_171, v000001a9d69ad9a0_172, v000001a9d69ad9a0_173, v000001a9d69ad9a0_174;
v000001a9d69ad9a0_175 .array/port v000001a9d69ad9a0, 175;
v000001a9d69ad9a0_176 .array/port v000001a9d69ad9a0, 176;
v000001a9d69ad9a0_177 .array/port v000001a9d69ad9a0, 177;
v000001a9d69ad9a0_178 .array/port v000001a9d69ad9a0, 178;
E_000001a9d69547e0/44 .event anyedge, v000001a9d69ad9a0_175, v000001a9d69ad9a0_176, v000001a9d69ad9a0_177, v000001a9d69ad9a0_178;
v000001a9d69ad9a0_179 .array/port v000001a9d69ad9a0, 179;
v000001a9d69ad9a0_180 .array/port v000001a9d69ad9a0, 180;
v000001a9d69ad9a0_181 .array/port v000001a9d69ad9a0, 181;
v000001a9d69ad9a0_182 .array/port v000001a9d69ad9a0, 182;
E_000001a9d69547e0/45 .event anyedge, v000001a9d69ad9a0_179, v000001a9d69ad9a0_180, v000001a9d69ad9a0_181, v000001a9d69ad9a0_182;
v000001a9d69ad9a0_183 .array/port v000001a9d69ad9a0, 183;
v000001a9d69ad9a0_184 .array/port v000001a9d69ad9a0, 184;
v000001a9d69ad9a0_185 .array/port v000001a9d69ad9a0, 185;
v000001a9d69ad9a0_186 .array/port v000001a9d69ad9a0, 186;
E_000001a9d69547e0/46 .event anyedge, v000001a9d69ad9a0_183, v000001a9d69ad9a0_184, v000001a9d69ad9a0_185, v000001a9d69ad9a0_186;
v000001a9d69ad9a0_187 .array/port v000001a9d69ad9a0, 187;
v000001a9d69ad9a0_188 .array/port v000001a9d69ad9a0, 188;
v000001a9d69ad9a0_189 .array/port v000001a9d69ad9a0, 189;
v000001a9d69ad9a0_190 .array/port v000001a9d69ad9a0, 190;
E_000001a9d69547e0/47 .event anyedge, v000001a9d69ad9a0_187, v000001a9d69ad9a0_188, v000001a9d69ad9a0_189, v000001a9d69ad9a0_190;
v000001a9d69ad9a0_191 .array/port v000001a9d69ad9a0, 191;
v000001a9d69ad9a0_192 .array/port v000001a9d69ad9a0, 192;
v000001a9d69ad9a0_193 .array/port v000001a9d69ad9a0, 193;
v000001a9d69ad9a0_194 .array/port v000001a9d69ad9a0, 194;
E_000001a9d69547e0/48 .event anyedge, v000001a9d69ad9a0_191, v000001a9d69ad9a0_192, v000001a9d69ad9a0_193, v000001a9d69ad9a0_194;
v000001a9d69ad9a0_195 .array/port v000001a9d69ad9a0, 195;
v000001a9d69ad9a0_196 .array/port v000001a9d69ad9a0, 196;
v000001a9d69ad9a0_197 .array/port v000001a9d69ad9a0, 197;
v000001a9d69ad9a0_198 .array/port v000001a9d69ad9a0, 198;
E_000001a9d69547e0/49 .event anyedge, v000001a9d69ad9a0_195, v000001a9d69ad9a0_196, v000001a9d69ad9a0_197, v000001a9d69ad9a0_198;
v000001a9d69ad9a0_199 .array/port v000001a9d69ad9a0, 199;
v000001a9d69ad9a0_200 .array/port v000001a9d69ad9a0, 200;
v000001a9d69ad9a0_201 .array/port v000001a9d69ad9a0, 201;
v000001a9d69ad9a0_202 .array/port v000001a9d69ad9a0, 202;
E_000001a9d69547e0/50 .event anyedge, v000001a9d69ad9a0_199, v000001a9d69ad9a0_200, v000001a9d69ad9a0_201, v000001a9d69ad9a0_202;
v000001a9d69ad9a0_203 .array/port v000001a9d69ad9a0, 203;
v000001a9d69ad9a0_204 .array/port v000001a9d69ad9a0, 204;
v000001a9d69ad9a0_205 .array/port v000001a9d69ad9a0, 205;
v000001a9d69ad9a0_206 .array/port v000001a9d69ad9a0, 206;
E_000001a9d69547e0/51 .event anyedge, v000001a9d69ad9a0_203, v000001a9d69ad9a0_204, v000001a9d69ad9a0_205, v000001a9d69ad9a0_206;
v000001a9d69ad9a0_207 .array/port v000001a9d69ad9a0, 207;
v000001a9d69ad9a0_208 .array/port v000001a9d69ad9a0, 208;
v000001a9d69ad9a0_209 .array/port v000001a9d69ad9a0, 209;
v000001a9d69ad9a0_210 .array/port v000001a9d69ad9a0, 210;
E_000001a9d69547e0/52 .event anyedge, v000001a9d69ad9a0_207, v000001a9d69ad9a0_208, v000001a9d69ad9a0_209, v000001a9d69ad9a0_210;
v000001a9d69ad9a0_211 .array/port v000001a9d69ad9a0, 211;
v000001a9d69ad9a0_212 .array/port v000001a9d69ad9a0, 212;
v000001a9d69ad9a0_213 .array/port v000001a9d69ad9a0, 213;
v000001a9d69ad9a0_214 .array/port v000001a9d69ad9a0, 214;
E_000001a9d69547e0/53 .event anyedge, v000001a9d69ad9a0_211, v000001a9d69ad9a0_212, v000001a9d69ad9a0_213, v000001a9d69ad9a0_214;
v000001a9d69ad9a0_215 .array/port v000001a9d69ad9a0, 215;
v000001a9d69ad9a0_216 .array/port v000001a9d69ad9a0, 216;
v000001a9d69ad9a0_217 .array/port v000001a9d69ad9a0, 217;
v000001a9d69ad9a0_218 .array/port v000001a9d69ad9a0, 218;
E_000001a9d69547e0/54 .event anyedge, v000001a9d69ad9a0_215, v000001a9d69ad9a0_216, v000001a9d69ad9a0_217, v000001a9d69ad9a0_218;
v000001a9d69ad9a0_219 .array/port v000001a9d69ad9a0, 219;
v000001a9d69ad9a0_220 .array/port v000001a9d69ad9a0, 220;
v000001a9d69ad9a0_221 .array/port v000001a9d69ad9a0, 221;
v000001a9d69ad9a0_222 .array/port v000001a9d69ad9a0, 222;
E_000001a9d69547e0/55 .event anyedge, v000001a9d69ad9a0_219, v000001a9d69ad9a0_220, v000001a9d69ad9a0_221, v000001a9d69ad9a0_222;
v000001a9d69ad9a0_223 .array/port v000001a9d69ad9a0, 223;
v000001a9d69ad9a0_224 .array/port v000001a9d69ad9a0, 224;
v000001a9d69ad9a0_225 .array/port v000001a9d69ad9a0, 225;
v000001a9d69ad9a0_226 .array/port v000001a9d69ad9a0, 226;
E_000001a9d69547e0/56 .event anyedge, v000001a9d69ad9a0_223, v000001a9d69ad9a0_224, v000001a9d69ad9a0_225, v000001a9d69ad9a0_226;
v000001a9d69ad9a0_227 .array/port v000001a9d69ad9a0, 227;
v000001a9d69ad9a0_228 .array/port v000001a9d69ad9a0, 228;
v000001a9d69ad9a0_229 .array/port v000001a9d69ad9a0, 229;
v000001a9d69ad9a0_230 .array/port v000001a9d69ad9a0, 230;
E_000001a9d69547e0/57 .event anyedge, v000001a9d69ad9a0_227, v000001a9d69ad9a0_228, v000001a9d69ad9a0_229, v000001a9d69ad9a0_230;
v000001a9d69ad9a0_231 .array/port v000001a9d69ad9a0, 231;
v000001a9d69ad9a0_232 .array/port v000001a9d69ad9a0, 232;
v000001a9d69ad9a0_233 .array/port v000001a9d69ad9a0, 233;
v000001a9d69ad9a0_234 .array/port v000001a9d69ad9a0, 234;
E_000001a9d69547e0/58 .event anyedge, v000001a9d69ad9a0_231, v000001a9d69ad9a0_232, v000001a9d69ad9a0_233, v000001a9d69ad9a0_234;
v000001a9d69ad9a0_235 .array/port v000001a9d69ad9a0, 235;
v000001a9d69ad9a0_236 .array/port v000001a9d69ad9a0, 236;
v000001a9d69ad9a0_237 .array/port v000001a9d69ad9a0, 237;
v000001a9d69ad9a0_238 .array/port v000001a9d69ad9a0, 238;
E_000001a9d69547e0/59 .event anyedge, v000001a9d69ad9a0_235, v000001a9d69ad9a0_236, v000001a9d69ad9a0_237, v000001a9d69ad9a0_238;
v000001a9d69ad9a0_239 .array/port v000001a9d69ad9a0, 239;
v000001a9d69ad9a0_240 .array/port v000001a9d69ad9a0, 240;
v000001a9d69ad9a0_241 .array/port v000001a9d69ad9a0, 241;
v000001a9d69ad9a0_242 .array/port v000001a9d69ad9a0, 242;
E_000001a9d69547e0/60 .event anyedge, v000001a9d69ad9a0_239, v000001a9d69ad9a0_240, v000001a9d69ad9a0_241, v000001a9d69ad9a0_242;
v000001a9d69ad9a0_243 .array/port v000001a9d69ad9a0, 243;
v000001a9d69ad9a0_244 .array/port v000001a9d69ad9a0, 244;
v000001a9d69ad9a0_245 .array/port v000001a9d69ad9a0, 245;
v000001a9d69ad9a0_246 .array/port v000001a9d69ad9a0, 246;
E_000001a9d69547e0/61 .event anyedge, v000001a9d69ad9a0_243, v000001a9d69ad9a0_244, v000001a9d69ad9a0_245, v000001a9d69ad9a0_246;
v000001a9d69ad9a0_247 .array/port v000001a9d69ad9a0, 247;
v000001a9d69ad9a0_248 .array/port v000001a9d69ad9a0, 248;
v000001a9d69ad9a0_249 .array/port v000001a9d69ad9a0, 249;
v000001a9d69ad9a0_250 .array/port v000001a9d69ad9a0, 250;
E_000001a9d69547e0/62 .event anyedge, v000001a9d69ad9a0_247, v000001a9d69ad9a0_248, v000001a9d69ad9a0_249, v000001a9d69ad9a0_250;
v000001a9d69ad9a0_251 .array/port v000001a9d69ad9a0, 251;
v000001a9d69ad9a0_252 .array/port v000001a9d69ad9a0, 252;
v000001a9d69ad9a0_253 .array/port v000001a9d69ad9a0, 253;
v000001a9d69ad9a0_254 .array/port v000001a9d69ad9a0, 254;
E_000001a9d69547e0/63 .event anyedge, v000001a9d69ad9a0_251, v000001a9d69ad9a0_252, v000001a9d69ad9a0_253, v000001a9d69ad9a0_254;
v000001a9d69ad9a0_255 .array/port v000001a9d69ad9a0, 255;
E_000001a9d69547e0/64 .event anyedge, v000001a9d69ad9a0_255;
E_000001a9d69547e0 .event/or E_000001a9d69547e0/0, E_000001a9d69547e0/1, E_000001a9d69547e0/2, E_000001a9d69547e0/3, E_000001a9d69547e0/4, E_000001a9d69547e0/5, E_000001a9d69547e0/6, E_000001a9d69547e0/7, E_000001a9d69547e0/8, E_000001a9d69547e0/9, E_000001a9d69547e0/10, E_000001a9d69547e0/11, E_000001a9d69547e0/12, E_000001a9d69547e0/13, E_000001a9d69547e0/14, E_000001a9d69547e0/15, E_000001a9d69547e0/16, E_000001a9d69547e0/17, E_000001a9d69547e0/18, E_000001a9d69547e0/19, E_000001a9d69547e0/20, E_000001a9d69547e0/21, E_000001a9d69547e0/22, E_000001a9d69547e0/23, E_000001a9d69547e0/24, E_000001a9d69547e0/25, E_000001a9d69547e0/26, E_000001a9d69547e0/27, E_000001a9d69547e0/28, E_000001a9d69547e0/29, E_000001a9d69547e0/30, E_000001a9d69547e0/31, E_000001a9d69547e0/32, E_000001a9d69547e0/33, E_000001a9d69547e0/34, E_000001a9d69547e0/35, E_000001a9d69547e0/36, E_000001a9d69547e0/37, E_000001a9d69547e0/38, E_000001a9d69547e0/39, E_000001a9d69547e0/40, E_000001a9d69547e0/41, E_000001a9d69547e0/42, E_000001a9d69547e0/43, E_000001a9d69547e0/44, E_000001a9d69547e0/45, E_000001a9d69547e0/46, E_000001a9d69547e0/47, E_000001a9d69547e0/48, E_000001a9d69547e0/49, E_000001a9d69547e0/50, E_000001a9d69547e0/51, E_000001a9d69547e0/52, E_000001a9d69547e0/53, E_000001a9d69547e0/54, E_000001a9d69547e0/55, E_000001a9d69547e0/56, E_000001a9d69547e0/57, E_000001a9d69547e0/58, E_000001a9d69547e0/59, E_000001a9d69547e0/60, E_000001a9d69547e0/61, E_000001a9d69547e0/62, E_000001a9d69547e0/63, E_000001a9d69547e0/64;
E_000001a9d6954820 .event posedge, v000001a9d6947250_0;
S_000001a9d6946e90 .scope module, "PSW" "PSW" 2 21;
 .timescale 0 0;
    .port_info 0 /INPUT 1 "ZeroFlag";
    .port_info 1 /INPUT 1 "CarryFlag";
    .port_info 2 /OUTPUT 2 "PSW";
o000001a9d695f2d8 .functor BUFZ 1, C4<z>; HiZ drive
v000001a9d69ae760_0 .net "CarryFlag", 0 0, o000001a9d695f2d8;  0 drivers
v000001a9d69ae800_0 .var "PSW", 1 0;
o000001a9d695f338 .functor BUFZ 1, C4<z>; HiZ drive
v000001a9d69adc20_0 .net "ZeroFlag", 0 0, o000001a9d695f338;  0 drivers
E_000001a9d6954020 .event anyedge, v000001a9d69ae760_0, v000001a9d69adc20_0;
S_000001a9d6947020 .scope module, "Processor" "Processor" 2 131;
 .timescale 0 0;
    .port_info 0 /INPUT 1 "clk";
    .port_info 1 /INPUT 8 "instruction";
    .port_info 2 /INPUT 8 "dataIn";
    .port_info 3 /OUTPUT 8 "dataOut";
v000001a9d69adb80_0 .net "ALU_Sel", 2 0, v000001a9d69ae120_0;  1 drivers
v000001a9d69ade00_0 .net "Carry", 0 0, v000001a9d69ae1c0_0;  1 drivers
v000001a9d69adea0_0 .net "Zero", 0 0, v000001a9d69adae0_0;  1 drivers
v000001a9d69ae080_0 .net "aluResult", 7 0, v000001a9d69ae6c0_0;  1 drivers
o000001a9d695f848 .functor BUFZ 1, C4<z>; HiZ drive
v000001a9d69ae3a0_0 .net "clk", 0 0, o000001a9d695f848;  0 drivers
o000001a9d695f488 .functor BUFZ 8, C4<zzzzzzzz>; HiZ drive
v000001a9d69ae4e0_0 .net "dataIn", 7 0, o000001a9d695f488;  0 drivers
v000001a9d69ae580_0 .var "dataOut", 7 0;
o000001a9d695f698 .functor BUFZ 8, C4<zzzzzzzz>; HiZ drive
v000001a9d69b8a30_0 .net "instruction", 7 0, o000001a9d695f698;  0 drivers
v000001a9d69b85d0_0 .net "loadEnable", 0 0, v000001a9d69ad900_0;  1 drivers
v000001a9d69b7f90 .array "mem", 255 0, 7 0;
v000001a9d69b8030_0 .var "memAddr", 7 0;
v000001a9d69b7590_0 .net "memWrite", 0 0, v000001a9d69adfe0_0;  1 drivers
v000001a9d69b8ad0_0 .var "regData", 7 0;
v000001a9d69b8fd0 .array "regFile", 7 0, 7 0;
v000001a9d69b8c10_0 .var "regWriteEnable", 0 0;
v000001a9d69b8850_0 .net "storeEnable", 0 0, v000001a9d69adf40_0;  1 drivers
E_000001a9d69541e0 .event anyedge, v000001a9d69ad900_0, v000001a9d69adcc0_0, v000001a9d69adf40_0, v000001a9d69ae6c0_0;
E_000001a9d69540e0 .event posedge, v000001a9d69ae3a0_0;
S_000001a9d68ed980 .scope module, "alu" "ALU" 2 151, 2 1 0, S_000001a9d6947020;
 .timescale 0 0;
    .port_info 0 /INPUT 8 "A";
    .port_info 1 /INPUT 8 "B";
    .port_info 2 /INPUT 3 "ALU_Sel";
    .port_info 3 /OUTPUT 8 "ALU_Out";
    .port_info 4 /OUTPUT 1 "Zero";
    .port_info 5 /OUTPUT 1 "Carry";
v000001a9d69adcc0_0 .net "A", 7 0, v000001a9d69b8ad0_0;  1 drivers
v000001a9d69ae6c0_0 .var "ALU_Out", 7 0;
v000001a9d69ae300_0 .net "ALU_Sel", 2 0, v000001a9d69ae120_0;  alias, 1 drivers
v000001a9d69ae440_0 .net "B", 7 0, o000001a9d695f488;  alias, 0 drivers
v000001a9d69ae1c0_0 .var "Carry", 0 0;
v000001a9d69adae0_0 .var "Zero", 0 0;
E_000001a9d69549a0 .event anyedge, v000001a9d69ae300_0, v000001a9d69adcc0_0, v000001a9d69ae440_0, v000001a9d69ae6c0_0;
S_000001a9d693cfd0 .scope module, "controlUnit" "ControlUnit" 2 161, 2 77 0, S_000001a9d6947020;
 .timescale 0 0;
    .port_info 0 /INPUT 8 "opcode";
    .port_info 1 /OUTPUT 3 "ALU_Sel";
    .port_info 2 /OUTPUT 1 "memWrite";
    .port_info 3 /OUTPUT 1 "regWrite";
    .port_info 4 /OUTPUT 1 "load";
    .port_info 5 /OUTPUT 1 "store";
v000001a9d69ae120_0 .var "ALU_Sel", 2 0;
v000001a9d69ad900_0 .var "load", 0 0;
v000001a9d69adfe0_0 .var "memWrite", 0 0;
v000001a9d69add60_0 .net "opcode", 7 0, o000001a9d695f698;  alias, 0 drivers
v000001a9d69ae260_0 .var "regWrite", 0 0;
v000001a9d69adf40_0 .var "store", 0 0;
E_000001a9d6954320 .event anyedge, v000001a9d69add60_0;
S_000001a9d68ed750 .scope module, "RegisterBank" "RegisterBank" 2 30;
 .timescale 0 0;
    .port_info 0 /INPUT 1 "clk";
    .port_info 1 /INPUT 3 "regAddr";
    .port_info 2 /INPUT 8 "writeData";
    .port_info 3 /INPUT 1 "writeEnable";
    .port_info 4 /OUTPUT 8 "readData";
o000001a9d695f9c8 .functor BUFZ 1, C4<z>; HiZ drive
v000001a9d69b80d0_0 .net "clk", 0 0, o000001a9d695f9c8;  0 drivers
v000001a9d69b87b0_0 .var "readData", 7 0;
o000001a9d695fa28 .functor BUFZ 3, C4<zzz>; HiZ drive
v000001a9d69b8170_0 .net "regAddr", 2 0, o000001a9d695fa28;  0 drivers
v000001a9d69b88f0 .array "registers", 0 7, 7 0;
o000001a9d695fbd8 .functor BUFZ 8, C4<zzzzzzzz>; HiZ drive
v000001a9d69b7130_0 .net "writeData", 7 0, o000001a9d695fbd8;  0 drivers
o000001a9d695fc08 .functor BUFZ 1, C4<z>; HiZ drive
v000001a9d69b8990_0 .net "writeEnable", 0 0, o000001a9d695fc08;  0 drivers
v000001a9d69b88f0_0 .array/port v000001a9d69b88f0, 0;
v000001a9d69b88f0_1 .array/port v000001a9d69b88f0, 1;
v000001a9d69b88f0_2 .array/port v000001a9d69b88f0, 2;
E_000001a9d6954220/0 .event anyedge, v000001a9d69b8170_0, v000001a9d69b88f0_0, v000001a9d69b88f0_1, v000001a9d69b88f0_2;
v000001a9d69b88f0_3 .array/port v000001a9d69b88f0, 3;
v000001a9d69b88f0_4 .array/port v000001a9d69b88f0, 4;
v000001a9d69b88f0_5 .array/port v000001a9d69b88f0, 5;
v000001a9d69b88f0_6 .array/port v000001a9d69b88f0, 6;
E_000001a9d6954220/1 .event anyedge, v000001a9d69b88f0_3, v000001a9d69b88f0_4, v000001a9d69b88f0_5, v000001a9d69b88f0_6;
v000001a9d69b88f0_7 .array/port v000001a9d69b88f0, 7;
E_000001a9d6954220/2 .event anyedge, v000001a9d69b88f0_7;
E_000001a9d6954220 .event/or E_000001a9d6954220/0, E_000001a9d6954220/1, E_000001a9d6954220/2;
E_000001a9d69548a0 .event posedge, v000001a9d69b80d0_0;
    .scope S_000001a9d68ee440;
T_0 ;
    %wait E_000001a9d6953fe0;
    %load/vec4 v000001a9d6902fe0_0;
    %store/vec4 v000001a9d6903220_0, 0, 1;
    %jmp T_0;
    .thread T_0;
    .scope S_000001a9d68ee5d0;
T_1 ;
    %wait E_000001a9d6954820;
    %load/vec4 v000001a9d68ed8e0_0;
    %flag_set/vec4 8;
    %jmp/0xz  T_1.0, 8;
    %load/vec4 v000001a9d69ada40_0;
    %load/vec4 v000001a9d69471b0_0;
    %pad/u 10;
    %ix/vec4 3;
    %ix/load 4, 0, 0; Constant delay
    %assign/vec4/a/d v000001a9d69ad9a0, 0, 4;
T_1.0 ;
    %jmp T_1;
    .thread T_1;
    .scope S_000001a9d68ee5d0;
T_2 ;
    %wait E_000001a9d69547e0;
    %load/vec4 v000001a9d69471b0_0;
    %pad/u 10;
    %ix/vec4 4;
    %load/vec4a v000001a9d69ad9a0, 4;
    %store/vec4 v000001a9d69ae620_0, 0, 8;
    %jmp T_2;
    .thread T_2, $push;
    .scope S_000001a9d6946e90;
T_3 ;
    %wait E_000001a9d6954020;
    %load/vec4 v000001a9d69ae760_0;
    %load/vec4 v000001a9d69adc20_0;
    %concat/vec4; draw_concat_vec4
    %store/vec4 v000001a9d69ae800_0, 0, 2;
    %jmp T_3;
    .thread T_3, $push;
    .scope S_000001a9d68ed980;
T_4 ;
    %wait E_000001a9d69549a0;
    %load/vec4 v000001a9d69ae300_0;
    %dup/vec4;
    %pushi/vec4 0, 0, 3;
    %cmp/u;
    %jmp/1 T_4.0, 6;
    %dup/vec4;
    %pushi/vec4 1, 0, 3;
    %cmp/u;
    %jmp/1 T_4.1, 6;
    %dup/vec4;
    %pushi/vec4 2, 0, 3;
    %cmp/u;
    %jmp/1 T_4.2, 6;
    %dup/vec4;
    %pushi/vec4 3, 0, 3;
    %cmp/u;
    %jmp/1 T_4.3, 6;
    %dup/vec4;
    %pushi/vec4 4, 0, 3;
    %cmp/u;
    %jmp/1 T_4.4, 6;
    %dup/vec4;
    %pushi/vec4 5, 0, 3;
    %cmp/u;
    %jmp/1 T_4.5, 6;
    %pushi/vec4 0, 0, 8;
    %store/vec4 v000001a9d69ae6c0_0, 0, 8;
    %jmp T_4.7;
T_4.0 ;
    %load/vec4 v000001a9d69adcc0_0;
    %pad/u 9;
    %load/vec4 v000001a9d69ae440_0;
    %pad/u 9;
    %add;
    %split/vec4 8;
    %store/vec4 v000001a9d69ae6c0_0, 0, 8;
    %store/vec4 v000001a9d69ae1c0_0, 0, 1;
    %jmp T_4.7;
T_4.1 ;
    %load/vec4 v000001a9d69adcc0_0;
    %pad/u 9;
    %load/vec4 v000001a9d69ae440_0;
    %pad/u 9;
    %sub;
    %split/vec4 8;
    %store/vec4 v000001a9d69ae6c0_0, 0, 8;
    %store/vec4 v000001a9d69ae1c0_0, 0, 1;
    %jmp T_4.7;
T_4.2 ;
    %load/vec4 v000001a9d69adcc0_0;
    %load/vec4 v000001a9d69ae440_0;
    %and;
    %store/vec4 v000001a9d69ae6c0_0, 0, 8;
    %jmp T_4.7;
T_4.3 ;
    %load/vec4 v000001a9d69adcc0_0;
    %load/vec4 v000001a9d69ae440_0;
    %or;
    %store/vec4 v000001a9d69ae6c0_0, 0, 8;
    %jmp T_4.7;
T_4.4 ;
    %load/vec4 v000001a9d69adcc0_0;
    %load/vec4 v000001a9d69ae440_0;
    %xor;
    %store/vec4 v000001a9d69ae6c0_0, 0, 8;
    %jmp T_4.7;
T_4.5 ;
    %load/vec4 v000001a9d69adcc0_0;
    %inv;
    %store/vec4 v000001a9d69ae6c0_0, 0, 8;
    %jmp T_4.7;
T_4.7 ;
    %pop/vec4 1;
    %load/vec4 v000001a9d69ae6c0_0;
    %pushi/vec4 0, 0, 8;
    %cmp/e;
    %flag_get/vec4 4;
    %store/vec4 v000001a9d69adae0_0, 0, 1;
    %jmp T_4;
    .thread T_4, $push;
    .scope S_000001a9d693cfd0;
T_5 ;
    %wait E_000001a9d6954320;
    %pushi/vec4 0, 0, 3;
    %store/vec4 v000001a9d69ae120_0, 0, 3;
    %pushi/vec4 0, 0, 1;
    %store/vec4 v000001a9d69adfe0_0, 0, 1;
    %pushi/vec4 0, 0, 1;
    %store/vec4 v000001a9d69ae260_0, 0, 1;
    %pushi/vec4 0, 0, 1;
    %store/vec4 v000001a9d69ad900_0, 0, 1;
    %pushi/vec4 0, 0, 1;
    %store/vec4 v000001a9d69adf40_0, 0, 1;
    %load/vec4 v000001a9d69add60_0;
    %parti/s 4, 4, 4;
    %dup/vec4;
    %pushi/vec4 0, 0, 4;
    %cmp/u;
    %jmp/1 T_5.0, 6;
    %dup/vec4;
    %pushi/vec4 1, 0, 4;
    %cmp/u;
    %jmp/1 T_5.1, 6;
    %dup/vec4;
    %pushi/vec4 2, 0, 4;
    %cmp/u;
    %jmp/1 T_5.2, 6;
    %dup/vec4;
    %pushi/vec4 3, 0, 4;
    %cmp/u;
    %jmp/1 T_5.3, 6;
    %dup/vec4;
    %pushi/vec4 4, 0, 4;
    %cmp/u;
    %jmp/1 T_5.4, 6;
    %dup/vec4;
    %pushi/vec4 5, 0, 4;
    %cmp/u;
    %jmp/1 T_5.5, 6;
    %dup/vec4;
    %pushi/vec4 6, 0, 4;
    %cmp/u;
    %jmp/1 T_5.6, 6;
    %dup/vec4;
    %pushi/vec4 7, 0, 4;
    %cmp/u;
    %jmp/1 T_5.7, 6;
    %jmp T_5.9;
T_5.0 ;
    %pushi/vec4 1, 0, 1;
    %store/vec4 v000001a9d69ad900_0, 0, 1;
    %jmp T_5.9;
T_5.1 ;
    %pushi/vec4 1, 0, 1;
    %store/vec4 v000001a9d69adf40_0, 0, 1;
    %jmp T_5.9;
T_5.2 ;
    %pushi/vec4 0, 0, 3;
    %store/vec4 v000001a9d69ae120_0, 0, 3;
    %pushi/vec4 1, 0, 1;
    %store/vec4 v000001a9d69ae260_0, 0, 1;
    %jmp T_5.9;
T_5.3 ;
    %pushi/vec4 1, 0, 3;
    %store/vec4 v000001a9d69ae120_0, 0, 3;
    %pushi/vec4 1, 0, 1;
    %store/vec4 v000001a9d69ae260_0, 0, 1;
    %jmp T_5.9;
T_5.4 ;
    %pushi/vec4 2, 0, 3;
    %store/vec4 v000001a9d69ae120_0, 0, 3;
    %pushi/vec4 1, 0, 1;
    %store/vec4 v000001a9d69ae260_0, 0, 1;
    %jmp T_5.9;
T_5.5 ;
    %pushi/vec4 3, 0, 3;
    %store/vec4 v000001a9d69ae120_0, 0, 3;
    %pushi/vec4 1, 0, 1;
    %store/vec4 v000001a9d69ae260_0, 0, 1;
    %jmp T_5.9;
T_5.6 ;
    %pushi/vec4 4, 0, 3;
    %store/vec4 v000001a9d69ae120_0, 0, 3;
    %pushi/vec4 1, 0, 1;
    %store/vec4 v000001a9d69ae260_0, 0, 1;
    %jmp T_5.9;
T_5.7 ;
    %pushi/vec4 5, 0, 3;
    %store/vec4 v000001a9d69ae120_0, 0, 3;
    %pushi/vec4 1, 0, 1;
    %store/vec4 v000001a9d69ae260_0, 0, 1;
    %jmp T_5.9;
T_5.9 ;
    %pop/vec4 1;
    %jmp T_5;
    .thread T_5, $push;
    .scope S_000001a9d6947020;
T_6 ;
    %wait E_000001a9d69540e0;
    %load/vec4 v000001a9d69b8850_0;
    %flag_set/vec4 8;
    %jmp/0xz  T_6.0, 8;
    %load/vec4 v000001a9d69b8ad0_0;
    %load/vec4 v000001a9d69b8030_0;
    %pad/u 10;
    %ix/vec4 3;
    %ix/load 4, 0, 0; Constant delay
    %assign/vec4/a/d v000001a9d69b7f90, 0, 4;
T_6.0 ;
    %load/vec4 v000001a9d69b85d0_0;
    %flag_set/vec4 8;
    %jmp/0xz  T_6.2, 8;
    %load/vec4 v000001a9d69b8030_0;
    %pad/u 10;
    %ix/vec4 4;
    %load/vec4a v000001a9d69b7f90, 4;
    %assign/vec4 v000001a9d69b8ad0_0, 0;
T_6.2 ;
    %jmp T_6;
    .thread T_6;
    .scope S_000001a9d6947020;
T_7 ;
    %wait E_000001a9d69540e0;
    %load/vec4 v000001a9d69b8c10_0;
    %flag_set/vec4 8;
    %jmp/0xz  T_7.0, 8;
    %load/vec4 v000001a9d69ae080_0;
    %load/vec4 v000001a9d69b8a30_0;
    %parti/s 3, 0, 2;
    %pad/u 5;
    %ix/vec4 3;
    %ix/load 4, 0, 0; Constant delay
    %assign/vec4/a/d v000001a9d69b8fd0, 0, 4;
T_7.0 ;
    %load/vec4 v000001a9d69b8a30_0;
    %assign/vec4 v000001a9d69b8030_0, 0;
    %jmp T_7;
    .thread T_7;
    .scope S_000001a9d6947020;
T_8 ;
    %wait E_000001a9d69541e0;
    %load/vec4 v000001a9d69b85d0_0;
    %flag_set/vec4 8;
    %jmp/0xz  T_8.0, 8;
    %load/vec4 v000001a9d69b8ad0_0;
    %store/vec4 v000001a9d69ae580_0, 0, 8;
    %jmp T_8.1;
T_8.0 ;
    %load/vec4 v000001a9d69b8850_0;
    %flag_set/vec4 8;
    %jmp/0xz  T_8.2, 8;
    %load/vec4 v000001a9d69ae080_0;
    %store/vec4 v000001a9d69ae580_0, 0, 8;
    %jmp T_8.3;
T_8.2 ;
    %pushi/vec4 0, 255, 8;
    %store/vec4 v000001a9d69ae580_0, 0, 8;
T_8.3 ;
T_8.1 ;
    %jmp T_8;
    .thread T_8, $push;
    .scope S_000001a9d68ed750;
T_9 ;
    %wait E_000001a9d69548a0;
    %load/vec4 v000001a9d69b8990_0;
    %flag_set/vec4 8;
    %jmp/0xz  T_9.0, 8;
    %load/vec4 v000001a9d69b7130_0;
    %load/vec4 v000001a9d69b8170_0;
    %pad/u 5;
    %ix/vec4 3;
    %ix/load 4, 0, 0; Constant delay
    %assign/vec4/a/d v000001a9d69b88f0, 0, 4;
T_9.0 ;
    %jmp T_9;
    .thread T_9;
    .scope S_000001a9d68ed750;
T_10 ;
    %wait E_000001a9d6954220;
    %load/vec4 v000001a9d69b8170_0;
    %pad/u 5;
    %ix/vec4 4;
    %load/vec4a v000001a9d69b88f0, 4;
    %store/vec4 v000001a9d69b87b0_0, 0, 8;
    %jmp T_10;
    .thread T_10, $push;
# The file index is used to find the file name in the following table.
:file_names 3;
    "N/A";
    "<interactive>";
    "debug.v";
