#! /c/Source/iverilog-install/bin/vvp
:ivl_version "12.0 (devel)" "(s20150603-1539-g2693dd32b)";
:ivl_delay_selection "TYPICAL";
:vpi_time_precision + 0;
:vpi_module "C:\iverilog\lib\ivl\system.vpi";
:vpi_module "C:\iverilog\lib\ivl\vhdl_sys.vpi";
:vpi_module "C:\iverilog\lib\ivl\vhdl_textio.vpi";
:vpi_module "C:\iverilog\lib\ivl\v2005_math.vpi";
:vpi_module "C:\iverilog\lib\ivl\va_math.vpi";
S_0000028fab232940 .scope module, "MemoryBank" "MemoryBank" 2 1;
 .timescale 0 0;
    .port_info 0 /INPUT 1 "clk";
    .port_info 1 /INPUT 8 "address";
    .port_info 2 /INPUT 8 "write_data";
    .port_info 3 /INPUT 1 "mem_write";
    .port_info 4 /INPUT 1 "mem_read";
    .port_info 5 /OUTPUT 8 "read_data";
o0000028fab266f98 .functor BUFZ 8, C4<zzzzzzzz>; HiZ drive
v0000028fab233220_0 .net "address", 7 0, o0000028fab266f98;  0 drivers
o0000028fab266fc8 .functor BUFZ 1, C4<z>; HiZ drive
v0000028fab232ad0_0 .net "clk", 0 0, o0000028fab266fc8;  0 drivers
o0000028fab266ff8 .functor BUFZ 1, C4<z>; HiZ drive
v0000028fab232b70_0 .net "mem_read", 0 0, o0000028fab266ff8;  0 drivers
o0000028fab267028 .functor BUFZ 1, C4<z>; HiZ drive
v0000028fab232c10_0 .net "mem_write", 0 0, o0000028fab267028;  0 drivers
v0000028fab39b330 .array "memory", 0 255, 7 0;
v0000028fab39b3d0_0 .var "read_data", 7 0;
o0000028fab267088 .functor BUFZ 8, C4<zzzzzzzz>; HiZ drive
v0000028fab39b470_0 .net "write_data", 7 0, o0000028fab267088;  0 drivers
E_0000028fab265fd0 .event posedge, v0000028fab232ad0_0;
    .scope S_0000028fab232940;
T_0 ;
    %wait E_0000028fab265fd0;
    %load/vec4 v0000028fab232c10_0;
    %flag_set/vec4 8;
    %jmp/0xz  T_0.0, 8;
    %load/vec4 v0000028fab39b470_0;
    %load/vec4 v0000028fab233220_0;
    %pad/u 10;
    %ix/vec4 3;
    %ix/load 4, 0, 0; Constant delay
    %assign/vec4/a/d v0000028fab39b330, 0, 4;
T_0.0 ;
    %load/vec4 v0000028fab232b70_0;
    %flag_set/vec4 8;
    %jmp/0xz  T_0.2, 8;
    %load/vec4 v0000028fab233220_0;
    %pad/u 10;
    %ix/vec4 4;
    %load/vec4a v0000028fab39b330, 4;
    %assign/vec4 v0000028fab39b3d0_0, 0;
T_0.2 ;
    %jmp T_0;
    .thread T_0;
# The file index is used to find the file name in the following table.
:file_names 3;
    "N/A";
    "<interactive>";
    "Memory_bank.v";
