#! /c/Source/iverilog-install/bin/vvp
:ivl_version "12.0 (devel)" "(s20150603-1539-g2693dd32b)";
:ivl_delay_selection "TYPICAL";
:vpi_time_precision + 0;
:vpi_module "C:\iverilog\lib\ivl\system.vpi";
:vpi_module "C:\iverilog\lib\ivl\vhdl_sys.vpi";
:vpi_module "C:\iverilog\lib\ivl\vhdl_textio.vpi";
:vpi_module "C:\iverilog\lib\ivl\v2005_math.vpi";
:vpi_module "C:\iverilog\lib\ivl\va_math.vpi";
S_000002141a002940 .scope module, "ProgramCounter" "ProgramCounter" 2 1;
 .timescale 0 0;
    .port_info 0 /INPUT 1 "clk";
    .port_info 1 /INPUT 1 "reset";
    .port_info 2 /INPUT 8 "pc_in";
    .port_info 3 /INPUT 1 "pc_write";
    .port_info 4 /OUTPUT 8 "pc_out";
o000002141a036fa8 .functor BUFZ 1, C4<z>; HiZ drive
v000002141a002e90_0 .net "clk", 0 0, o000002141a036fa8;  0 drivers
o000002141a036fd8 .functor BUFZ 8, C4<zzzzzzzz>; HiZ drive
v000002141a0030b0_0 .net "pc_in", 7 0, o000002141a036fd8;  0 drivers
v000002141a002ad0_0 .var "pc_out", 7 0;
o000002141a037038 .functor BUFZ 1, C4<z>; HiZ drive
v000002141a002b70_0 .net "pc_write", 0 0, o000002141a037038;  0 drivers
o000002141a037068 .functor BUFZ 1, C4<z>; HiZ drive
v000002141a002c10_0 .net "reset", 0 0, o000002141a037068;  0 drivers
E_0000021419f78120 .event posedge, v000002141a002c10_0, v000002141a002e90_0;
    .scope S_000002141a002940;
T_0 ;
    %wait E_0000021419f78120;
    %load/vec4 v000002141a002c10_0;
    %flag_set/vec4 8;
    %jmp/0xz  T_0.0, 8;
    %pushi/vec4 0, 0, 8;
    %assign/vec4 v000002141a002ad0_0, 0;
    %jmp T_0.1;
T_0.0 ;
    %load/vec4 v000002141a002b70_0;
    %flag_set/vec4 8;
    %jmp/0xz  T_0.2, 8;
    %load/vec4 v000002141a0030b0_0;
    %assign/vec4 v000002141a002ad0_0, 0;
    %jmp T_0.3;
T_0.2 ;
    %load/vec4 v000002141a002ad0_0;
    %addi 1, 0, 8;
    %assign/vec4 v000002141a002ad0_0, 0;
T_0.3 ;
T_0.1 ;
    %jmp T_0;
    .thread T_0;
# The file index is used to find the file name in the following table.
:file_names 3;
    "N/A";
    "<interactive>";
    "Program_counter.v";
