#! /c/Source/iverilog-install/bin/vvp
:ivl_version "12.0 (devel)" "(s20150603-1539-g2693dd32b)";
:ivl_delay_selection "TYPICAL";
:vpi_time_precision + 0;
:vpi_module "C:\iverilog\lib\ivl\system.vpi";
:vpi_module "C:\iverilog\lib\ivl\vhdl_sys.vpi";
:vpi_module "C:\iverilog\lib\ivl\vhdl_textio.vpi";
:vpi_module "C:\iverilog\lib\ivl\v2005_math.vpi";
:vpi_module "C:\iverilog\lib\ivl\va_math.vpi";
S_000001b2a2c52830 .scope module, "RegisterBank" "RegisterBank" 2 1;
 .timescale 0 0;
    .port_info 0 /INPUT 1 "clk";
    .port_info 1 /INPUT 2 "read_reg1";
    .port_info 2 /INPUT 2 "read_reg2";
    .port_info 3 /INPUT 2 "write_reg";
    .port_info 4 /INPUT 8 "write_data";
    .port_info 5 /INPUT 1 "reg_write";
    .port_info 6 /OUTPUT 8 "read_data1";
    .port_info 7 /OUTPUT 8 "read_data2";
L_000001b2a2c39040 .functor BUFZ 8, L_000001b2a2c823f0, C4<00000000>, C4<00000000>, C4<00000000>;
L_000001b2a2c3bde0 .functor BUFZ 8, L_000001b2a2c82210, C4<00000000>, C4<00000000>, C4<00000000>;
v000001b2a2c53220_0 .net *"_ivl_0", 7 0, L_000001b2a2c823f0;  1 drivers
v000001b2a2c38fa0_0 .net *"_ivl_10", 4 0, L_000001b2a2c82530;  1 drivers
L_000001b2a2ccfc70 .functor BUFT 1, C4<000>, C4<0>, C4<0>, C4<0>;
v000001b2a2c529c0_0 .net *"_ivl_13", 2 0, L_000001b2a2ccfc70;  1 drivers
v000001b2a2c52a60_0 .net *"_ivl_2", 4 0, L_000001b2a2c81a90;  1 drivers
L_000001b2a2ccfc28 .functor BUFT 1, C4<000>, C4<0>, C4<0>, C4<0>;
v000001b2a2c52b00_0 .net *"_ivl_5", 2 0, L_000001b2a2ccfc28;  1 drivers
v000001b2a2c52ba0_0 .net *"_ivl_8", 7 0, L_000001b2a2c82210;  1 drivers
o000001b2a2c870d8 .functor BUFZ 1, C4<z>; HiZ drive
v000001b2a2c3ba20_0 .net "clk", 0 0, o000001b2a2c870d8;  0 drivers
v000001b2a2c3bac0_0 .net "read_data1", 7 0, L_000001b2a2c39040;  1 drivers
v000001b2a2c3bb60_0 .net "read_data2", 7 0, L_000001b2a2c3bde0;  1 drivers
o000001b2a2c87168 .functor BUFZ 2, C4<zz>; HiZ drive
v000001b2a2c3bc00_0 .net "read_reg1", 1 0, o000001b2a2c87168;  0 drivers
o000001b2a2c87198 .functor BUFZ 2, C4<zz>; HiZ drive
v000001b2a2c3bca0_0 .net "read_reg2", 1 0, o000001b2a2c87198;  0 drivers
o000001b2a2c871c8 .functor BUFZ 1, C4<z>; HiZ drive
v000001b2a2c3bd40_0 .net "reg_write", 0 0, o000001b2a2c871c8;  0 drivers
v000001b2a2c81c70 .array "registers", 0 7, 7 0;
o000001b2a2c871f8 .functor BUFZ 8, C4<zzzzzzzz>; HiZ drive
v000001b2a2c81ef0_0 .net "write_data", 7 0, o000001b2a2c871f8;  0 drivers
o000001b2a2c87228 .functor BUFZ 2, C4<zz>; HiZ drive
v000001b2a2c81d10_0 .net "write_reg", 1 0, o000001b2a2c87228;  0 drivers
E_000001b2a2c86c30 .event posedge, v000001b2a2c3ba20_0;
L_000001b2a2c823f0 .array/port v000001b2a2c81c70, L_000001b2a2c81a90;
L_000001b2a2c81a90 .concat [ 2 3 0 0], o000001b2a2c87168, L_000001b2a2ccfc28;
L_000001b2a2c82210 .array/port v000001b2a2c81c70, L_000001b2a2c82530;
L_000001b2a2c82530 .concat [ 2 3 0 0], o000001b2a2c87198, L_000001b2a2ccfc70;
    .scope S_000001b2a2c52830;
T_0 ;
    %wait E_000001b2a2c86c30;
    %load/vec4 v000001b2a2c3bd40_0;
    %flag_set/vec4 8;
    %jmp/0xz  T_0.0, 8;
    %load/vec4 v000001b2a2c81ef0_0;
    %load/vec4 v000001b2a2c81d10_0;
    %pad/u 5;
    %ix/vec4 3;
    %ix/load 4, 0, 0; Constant delay
    %assign/vec4/a/d v000001b2a2c81c70, 0, 4;
T_0.0 ;
    %jmp T_0;
    .thread T_0;
# The file index is used to find the file name in the following table.
:file_names 3;
    "N/A";
    "<interactive>";
    "Register_bank.v";
