#! /c/Source/iverilog-install/bin/vvp
:ivl_version "12.0 (devel)" "(s20150603-1539-g2693dd32b)";
:ivl_delay_selection "TYPICAL";
:vpi_time_precision + 0;
:vpi_module "C:\iverilog\lib\ivl\system.vpi";
:vpi_module "C:\iverilog\lib\ivl\vhdl_sys.vpi";
:vpi_module "C:\iverilog\lib\ivl\vhdl_textio.vpi";
:vpi_module "C:\iverilog\lib\ivl\v2005_math.vpi";
:vpi_module "C:\iverilog\lib\ivl\va_math.vpi";
S_0000026ad9db27f0 .scope module, "Traffic_light_control" "Traffic_light_control" 2 1;
 .timescale 0 0;
    .port_info 0 /INPUT 1 "clk";
    .port_info 1 /INPUT 1 "rst";
    .port_info 2 /OUTPUT 3 "light_M1";
    .port_info 3 /OUTPUT 3 "light_M2";
    .port_info 4 /OUTPUT 3 "light_M3";
    .port_info 5 /OUTPUT 3 "light_M4";
    .port_info 6 /OUTPUT 3 "light_M5";
    .port_info 7 /OUTPUT 3 "light_M6";
P_0000026ad9ddd8b0 .param/l "S1" 0 2 12, +C4<00000000000000000000000000000000>;
P_0000026ad9ddd8e8 .param/l "S2" 0 2 12, +C4<00000000000000000000000000000001>;
P_0000026ad9ddd920 .param/l "S3" 0 2 12, +C4<00000000000000000000000000000010>;
P_0000026ad9ddd958 .param/l "S4" 0 2 12, +C4<00000000000000000000000000000011>;
P_0000026ad9ddd990 .param/l "S5" 0 2 12, +C4<00000000000000000000000000000100>;
P_0000026ad9ddd9c8 .param/l "S6" 0 2 12, +C4<00000000000000000000000000000101>;
P_0000026ad9ddda00 .param/l "S7" 0 2 12, +C4<00000000000000000000000000000110>;
P_0000026ad9ddda38 .param/l "S8" 0 2 12, +C4<00000000000000000000000000000111>;
P_0000026ad9ddda70 .param/l "T1" 0 2 15, +C4<00000000000000000000000000000010>;
P_0000026ad9dddaa8 .param/l "T2" 0 2 15, +C4<00000000000000000000000000000010>;
P_0000026ad9dddae0 .param/l "T3" 0 2 15, +C4<00000000000000000000000000000010>;
P_0000026ad9dddb18 .param/l "T4" 0 2 15, +C4<00000000000000000000000000000010>;
P_0000026ad9dddb50 .param/l "T5" 0 2 15, +C4<00000000000000000000000000000010>;
P_0000026ad9dddb88 .param/l "T6" 0 2 15, +C4<00000000000000000000000000000010>;
P_0000026ad9dddbc0 .param/l "T7" 0 2 15, +C4<00000000000000000000000000000010>;
P_0000026ad9dddbf8 .param/l "T8" 0 2 15, +C4<00000000000000000000000000000010>;
o0000026ad9dfff78 .functor BUFZ 1, C4<z>; HiZ drive
v0000026ad9db2e70_0 .net "clk", 0 0, o0000026ad9dfff78;  0 drivers
v0000026ad9db2980_0 .var "count", 7 0;
v0000026ad9db2a20_0 .var "light_M1", 2 0;
v0000026ad9db2ac0_0 .var "light_M2", 2 0;
v0000026ad9db2b60_0 .var "light_M3", 2 0;
v0000026ad9db2c00_0 .var "light_M4", 2 0;
v0000026ad9de2ca0_0 .var "light_M5", 2 0;
v0000026ad9de2d40_0 .var "light_M6", 2 0;
v0000026ad9de2de0_0 .var "ps", 7 0;
o0000026ad9e00128 .functor BUFZ 1, C4<z>; HiZ drive
v0000026ad9de2e80_0 .net "rst", 0 0, o0000026ad9e00128;  0 drivers
E_0000026ad9ddcbf0 .event anyedge, v0000026ad9de2de0_0;
E_0000026ad9ddd6b0 .event posedge, v0000026ad9de2e80_0, v0000026ad9db2e70_0;
    .scope S_0000026ad9db27f0;
T_0 ;
    %wait E_0000026ad9ddd6b0;
    %load/vec4 v0000026ad9de2e80_0;
    %pad/u 32;
    %cmpi/e 1, 0, 32;
    %jmp/0xz  T_0.0, 4;
    %pushi/vec4 0, 0, 8;
    %assign/vec4 v0000026ad9de2de0_0, 0;
    %pushi/vec4 0, 0, 8;
    %assign/vec4 v0000026ad9db2980_0, 0;
    %jmp T_0.1;
T_0.0 ;
    %load/vec4 v0000026ad9de2de0_0;
    %dup/vec4;
    %pushi/vec4 0, 0, 8;
    %cmp/u;
    %jmp/1 T_0.2, 6;
    %dup/vec4;
    %pushi/vec4 1, 0, 8;
    %cmp/u;
    %jmp/1 T_0.3, 6;
    %dup/vec4;
    %pushi/vec4 2, 0, 8;
    %cmp/u;
    %jmp/1 T_0.4, 6;
    %dup/vec4;
    %pushi/vec4 3, 0, 8;
    %cmp/u;
    %jmp/1 T_0.5, 6;
    %dup/vec4;
    %pushi/vec4 4, 0, 8;
    %cmp/u;
    %jmp/1 T_0.6, 6;
    %dup/vec4;
    %pushi/vec4 5, 0, 8;
    %cmp/u;
    %jmp/1 T_0.7, 6;
    %dup/vec4;
    %pushi/vec4 4, 0, 8;
    %cmp/u;
    %jmp/1 T_0.8, 6;
    %dup/vec4;
    %pushi/vec4 4, 0, 8;
    %cmp/u;
    %jmp/1 T_0.9, 6;
    %pushi/vec4 0, 0, 8;
    %assign/vec4 v0000026ad9de2de0_0, 0;
    %jmp T_0.11;
T_0.2 ;
    %load/vec4 v0000026ad9db2980_0;
    %pad/u 32;
    %cmpi/u 2, 0, 32;
    %jmp/0xz  T_0.12, 5;
    %pushi/vec4 0, 0, 8;
    %assign/vec4 v0000026ad9de2de0_0, 0;
    %load/vec4 v0000026ad9db2980_0;
    %addi 1, 0, 8;
    %assign/vec4 v0000026ad9db2980_0, 0;
    %jmp T_0.13;
T_0.12 ;
    %pushi/vec4 1, 0, 8;
    %assign/vec4 v0000026ad9de2de0_0, 0;
    %pushi/vec4 0, 0, 8;
    %assign/vec4 v0000026ad9db2980_0, 0;
T_0.13 ;
    %jmp T_0.11;
T_0.3 ;
    %load/vec4 v0000026ad9db2980_0;
    %pad/u 32;
    %cmpi/u 2, 0, 32;
    %jmp/0xz  T_0.14, 5;
    %pushi/vec4 1, 0, 8;
    %assign/vec4 v0000026ad9de2de0_0, 0;
    %load/vec4 v0000026ad9db2980_0;
    %addi 1, 0, 8;
    %assign/vec4 v0000026ad9db2980_0, 0;
    %jmp T_0.15;
T_0.14 ;
    %pushi/vec4 2, 0, 8;
    %assign/vec4 v0000026ad9de2de0_0, 0;
    %pushi/vec4 0, 0, 8;
    %assign/vec4 v0000026ad9db2980_0, 0;
T_0.15 ;
    %jmp T_0.11;
T_0.4 ;
    %load/vec4 v0000026ad9db2980_0;
    %pad/u 32;
    %cmpi/u 2, 0, 32;
    %jmp/0xz  T_0.16, 5;
    %pushi/vec4 2, 0, 8;
    %assign/vec4 v0000026ad9de2de0_0, 0;
    %load/vec4 v0000026ad9db2980_0;
    %addi 1, 0, 8;
    %assign/vec4 v0000026ad9db2980_0, 0;
    %jmp T_0.17;
T_0.16 ;
    %pushi/vec4 3, 0, 8;
    %assign/vec4 v0000026ad9de2de0_0, 0;
    %pushi/vec4 0, 0, 8;
    %assign/vec4 v0000026ad9db2980_0, 0;
T_0.17 ;
    %jmp T_0.11;
T_0.5 ;
    %load/vec4 v0000026ad9db2980_0;
    %pad/u 32;
    %cmpi/u 2, 0, 32;
    %jmp/0xz  T_0.18, 5;
    %pushi/vec4 3, 0, 8;
    %assign/vec4 v0000026ad9de2de0_0, 0;
    %load/vec4 v0000026ad9db2980_0;
    %addi 1, 0, 8;
    %assign/vec4 v0000026ad9db2980_0, 0;
    %jmp T_0.19;
T_0.18 ;
    %pushi/vec4 4, 0, 8;
    %assign/vec4 v0000026ad9de2de0_0, 0;
    %pushi/vec4 0, 0, 8;
    %assign/vec4 v0000026ad9db2980_0, 0;
T_0.19 ;
    %jmp T_0.11;
T_0.6 ;
    %load/vec4 v0000026ad9db2980_0;
    %pad/u 32;
    %cmpi/u 2, 0, 32;
    %jmp/0xz  T_0.20, 5;
    %pushi/vec4 4, 0, 8;
    %assign/vec4 v0000026ad9de2de0_0, 0;
    %load/vec4 v0000026ad9db2980_0;
    %addi 1, 0, 8;
    %assign/vec4 v0000026ad9db2980_0, 0;
    %jmp T_0.21;
T_0.20 ;
    %pushi/vec4 5, 0, 8;
    %assign/vec4 v0000026ad9de2de0_0, 0;
    %pushi/vec4 0, 0, 8;
    %assign/vec4 v0000026ad9db2980_0, 0;
T_0.21 ;
    %jmp T_0.11;
T_0.7 ;
    %load/vec4 v0000026ad9db2980_0;
    %pad/u 32;
    %cmpi/u 2, 0, 32;
    %jmp/0xz  T_0.22, 5;
    %pushi/vec4 5, 0, 8;
    %assign/vec4 v0000026ad9de2de0_0, 0;
    %load/vec4 v0000026ad9db2980_0;
    %addi 1, 0, 8;
    %assign/vec4 v0000026ad9db2980_0, 0;
    %jmp T_0.23;
T_0.22 ;
    %pushi/vec4 6, 0, 8;
    %assign/vec4 v0000026ad9de2de0_0, 0;
    %pushi/vec4 0, 0, 8;
    %assign/vec4 v0000026ad9db2980_0, 0;
T_0.23 ;
    %jmp T_0.11;
T_0.8 ;
    %load/vec4 v0000026ad9db2980_0;
    %pad/u 32;
    %cmpi/u 2, 0, 32;
    %jmp/0xz  T_0.24, 5;
    %pushi/vec4 6, 0, 8;
    %assign/vec4 v0000026ad9de2de0_0, 0;
    %load/vec4 v0000026ad9db2980_0;
    %addi 1, 0, 8;
    %assign/vec4 v0000026ad9db2980_0, 0;
    %jmp T_0.25;
T_0.24 ;
    %pushi/vec4 7, 0, 8;
    %assign/vec4 v0000026ad9de2de0_0, 0;
    %pushi/vec4 0, 0, 8;
    %assign/vec4 v0000026ad9db2980_0, 0;
T_0.25 ;
    %jmp T_0.11;
T_0.9 ;
    %load/vec4 v0000026ad9db2980_0;
    %pad/u 32;
    %cmpi/u 2, 0, 32;
    %jmp/0xz  T_0.26, 5;
    %pushi/vec4 7, 0, 8;
    %assign/vec4 v0000026ad9de2de0_0, 0;
    %load/vec4 v0000026ad9db2980_0;
    %addi 1, 0, 8;
    %assign/vec4 v0000026ad9db2980_0, 0;
    %jmp T_0.27;
T_0.26 ;
    %pushi/vec4 0, 0, 8;
    %assign/vec4 v0000026ad9de2de0_0, 0;
    %pushi/vec4 0, 0, 8;
    %assign/vec4 v0000026ad9db2980_0, 0;
T_0.27 ;
    %jmp T_0.11;
T_0.11 ;
    %pop/vec4 1;
T_0.1 ;
    %jmp T_0;
    .thread T_0;
    .scope S_0000026ad9db27f0;
T_1 ;
    %wait E_0000026ad9ddcbf0;
    %load/vec4 v0000026ad9de2de0_0;
    %dup/vec4;
    %pushi/vec4 0, 0, 8;
    %cmp/u;
    %jmp/1 T_1.0, 6;
    %dup/vec4;
    %pushi/vec4 1, 0, 8;
    %cmp/u;
    %jmp/1 T_1.1, 6;
    %dup/vec4;
    %pushi/vec4 2, 0, 8;
    %cmp/u;
    %jmp/1 T_1.2, 6;
    %dup/vec4;
    %pushi/vec4 3, 0, 8;
    %cmp/u;
    %jmp/1 T_1.3, 6;
    %dup/vec4;
    %pushi/vec4 4, 0, 8;
    %cmp/u;
    %jmp/1 T_1.4, 6;
    %dup/vec4;
    %pushi/vec4 5, 0, 8;
    %cmp/u;
    %jmp/1 T_1.5, 6;
    %dup/vec4;
    %pushi/vec4 6, 0, 8;
    %cmp/u;
    %jmp/1 T_1.6, 6;
    %dup/vec4;
    %pushi/vec4 7, 0, 8;
    %cmp/u;
    %jmp/1 T_1.7, 6;
    %pushi/vec4 0, 0, 3;
    %assign/vec4 v0000026ad9db2a20_0, 0;
    %pushi/vec4 0, 0, 3;
    %assign/vec4 v0000026ad9db2ac0_0, 0;
    %pushi/vec4 0, 0, 3;
    %assign/vec4 v0000026ad9db2b60_0, 0;
    %pushi/vec4 0, 0, 3;
    %assign/vec4 v0000026ad9db2c00_0, 0;
    %pushi/vec4 0, 0, 3;
    %assign/vec4 v0000026ad9de2ca0_0, 0;
    %pushi/vec4 0, 0, 3;
    %assign/vec4 v0000026ad9de2d40_0, 0;
    %jmp T_1.9;
T_1.0 ;
    %pushi/vec4 1, 0, 3;
    %assign/vec4 v0000026ad9db2a20_0, 0;
    %pushi/vec4 1, 0, 3;
    %assign/vec4 v0000026ad9db2ac0_0, 0;
    %pushi/vec4 4, 0, 3;
    %assign/vec4 v0000026ad9db2b60_0, 0;
    %pushi/vec4 1, 0, 3;
    %assign/vec4 v0000026ad9db2c00_0, 0;
    %pushi/vec4 4, 0, 3;
    %assign/vec4 v0000026ad9de2ca0_0, 0;
    %pushi/vec4 4, 0, 3;
    %assign/vec4 v0000026ad9de2d40_0, 0;
    %jmp T_1.9;
T_1.1 ;
    %pushi/vec4 1, 0, 3;
    %assign/vec4 v0000026ad9db2a20_0, 0;
    %pushi/vec4 2, 0, 3;
    %assign/vec4 v0000026ad9db2ac0_0, 0;
    %pushi/vec4 4, 0, 3;
    %assign/vec4 v0000026ad9db2b60_0, 0;
    %pushi/vec4 1, 0, 3;
    %assign/vec4 v0000026ad9db2c00_0, 0;
    %pushi/vec4 4, 0, 3;
    %assign/vec4 v0000026ad9de2ca0_0, 0;
    %pushi/vec4 4, 0, 3;
    %assign/vec4 v0000026ad9de2d40_0, 0;
    %jmp T_1.9;
T_1.2 ;
    %pushi/vec4 1, 0, 3;
    %assign/vec4 v0000026ad9db2a20_0, 0;
    %pushi/vec4 4, 0, 3;
    %assign/vec4 v0000026ad9db2ac0_0, 0;
    %pushi/vec4 4, 0, 3;
    %assign/vec4 v0000026ad9db2b60_0, 0;
    %pushi/vec4 1, 0, 3;
    %assign/vec4 v0000026ad9db2c00_0, 0;
    %pushi/vec4 4, 0, 3;
    %assign/vec4 v0000026ad9de2ca0_0, 0;
    %pushi/vec4 1, 0, 3;
    %assign/vec4 v0000026ad9de2d40_0, 0;
    %jmp T_1.9;
T_1.3 ;
    %pushi/vec4 1, 0, 3;
    %assign/vec4 v0000026ad9db2a20_0, 0;
    %pushi/vec4 4, 0, 3;
    %assign/vec4 v0000026ad9db2ac0_0, 0;
    %pushi/vec4 4, 0, 3;
    %assign/vec4 v0000026ad9db2b60_0, 0;
    %pushi/vec4 2, 0, 3;
    %assign/vec4 v0000026ad9db2c00_0, 0;
    %pushi/vec4 4, 0, 3;
    %assign/vec4 v0000026ad9de2ca0_0, 0;
    %pushi/vec4 1, 0, 3;
    %assign/vec4 v0000026ad9de2d40_0, 0;
    %jmp T_1.9;
T_1.4 ;
    %pushi/vec4 1, 0, 3;
    %assign/vec4 v0000026ad9db2a20_0, 0;
    %pushi/vec4 4, 0, 3;
    %assign/vec4 v0000026ad9db2ac0_0, 0;
    %pushi/vec4 1, 0, 3;
    %assign/vec4 v0000026ad9db2b60_0, 0;
    %pushi/vec4 4, 0, 3;
    %assign/vec4 v0000026ad9db2c00_0, 0;
    %pushi/vec4 4, 0, 3;
    %assign/vec4 v0000026ad9de2ca0_0, 0;
    %pushi/vec4 1, 0, 3;
    %assign/vec4 v0000026ad9de2d40_0, 0;
    %jmp T_1.9;
T_1.5 ;
    %pushi/vec4 2, 0, 3;
    %assign/vec4 v0000026ad9db2a20_0, 0;
    %pushi/vec4 4, 0, 3;
    %assign/vec4 v0000026ad9db2ac0_0, 0;
    %pushi/vec4 2, 0, 3;
    %assign/vec4 v0000026ad9db2b60_0, 0;
    %pushi/vec4 4, 0, 3;
    %assign/vec4 v0000026ad9db2c00_0, 0;
    %pushi/vec4 4, 0, 3;
    %assign/vec4 v0000026ad9de2ca0_0, 0;
    %pushi/vec4 1, 0, 3;
    %assign/vec4 v0000026ad9de2d40_0, 0;
    %jmp T_1.9;
T_1.6 ;
    %pushi/vec4 4, 0, 3;
    %assign/vec4 v0000026ad9db2a20_0, 0;
    %pushi/vec4 4, 0, 3;
    %assign/vec4 v0000026ad9db2ac0_0, 0;
    %pushi/vec4 4, 0, 3;
    %assign/vec4 v0000026ad9db2b60_0, 0;
    %pushi/vec4 1, 0, 3;
    %assign/vec4 v0000026ad9db2c00_0, 0;
    %pushi/vec4 1, 0, 3;
    %assign/vec4 v0000026ad9de2ca0_0, 0;
    %pushi/vec4 1, 0, 3;
    %assign/vec4 v0000026ad9de2d40_0, 0;
    %jmp T_1.9;
T_1.7 ;
    %pushi/vec4 4, 0, 3;
    %assign/vec4 v0000026ad9db2a20_0, 0;
    %pushi/vec4 4, 0, 3;
    %assign/vec4 v0000026ad9db2ac0_0, 0;
    %pushi/vec4 4, 0, 3;
    %assign/vec4 v0000026ad9db2b60_0, 0;
    %pushi/vec4 1, 0, 3;
    %assign/vec4 v0000026ad9db2c00_0, 0;
    %pushi/vec4 2, 0, 3;
    %assign/vec4 v0000026ad9de2ca0_0, 0;
    %pushi/vec4 2, 0, 3;
    %assign/vec4 v0000026ad9de2d40_0, 0;
    %jmp T_1.9;
T_1.9 ;
    %pop/vec4 1;
    %jmp T_1;
    .thread T_1, $push;
# The file index is used to find the file name in the following table.
:file_names 3;
    "N/A";
    "<interactive>";
    "Traffic_light_control.v";
