#! /c/Source/iverilog-install/bin/vvp
:ivl_version "12.0 (devel)" "(s20150603-1539-g2693dd32b)";
:ivl_delay_selection "TYPICAL";
:vpi_time_precision + 0;
:vpi_module "C:\iverilog\lib\ivl\system.vpi";
:vpi_module "C:\iverilog\lib\ivl\vhdl_sys.vpi";
:vpi_module "C:\iverilog\lib\ivl\vhdl_textio.vpi";
:vpi_module "C:\iverilog\lib\ivl\v2005_math.vpi";
:vpi_module "C:\iverilog\lib\ivl\va_math.vpi";
S_0000022e76f91200 .scope module, "Traffic_light_control_tb" "Traffic_light_control_tb" 2 3;
 .timescale 0 0;
v0000022e7700ada0_0 .var "clk", 0 0;
v0000022e7700a760_0 .net "light_M1", 2 0, v0000022e76fadba0_0;  1 drivers
v0000022e7700a3a0_0 .net "light_M2", 2 0, v0000022e770a9fe0_0;  1 drivers
v0000022e7700ab20_0 .net "light_M3", 0 0, L_0000022e7700ae40;  1 drivers
v0000022e7700a120_0 .net "light_M4", 0 0, L_0000022e7700a940;  1 drivers
v0000022e7700a800_0 .net "light_M5", 0 0, L_0000022e7700a300;  1 drivers
v0000022e7700abc0_0 .net "light_M6", 0 0, L_0000022e7700a1c0;  1 drivers
v0000022e7700a8a0_0 .var "rst", 0 0;
L_0000022e7700ae40 .part v0000022e76f94090_0, 0, 1;
L_0000022e7700a940 .part v0000022e76f94130_0, 0, 1;
L_0000022e7700a300 .part v0000022e76f941d0_0, 0, 1;
L_0000022e7700a1c0 .part v0000022e76f94270_0, 0, 1;
S_0000022e76f91390 .scope module, "uut" "Traffic_light_control" 2 9, 3 1 0, S_0000022e76f91200;
 .timescale 0 0;
    .port_info 0 /INPUT 1 "clk";
    .port_info 1 /INPUT 1 "rst";
    .port_info 2 /OUTPUT 3 "light_M1";
    .port_info 3 /OUTPUT 3 "light_M2";
    .port_info 4 /OUTPUT 3 "light_M3";
    .port_info 5 /OUTPUT 3 "light_M4";
    .port_info 6 /OUTPUT 3 "light_M5";
    .port_info 7 /OUTPUT 3 "light_M6";
P_0000022e76fad810 .param/l "S1" 0 3 12, +C4<00000000000000000000000000000000>;
P_0000022e76fad848 .param/l "S2" 0 3 12, +C4<00000000000000000000000000000001>;
P_0000022e76fad880 .param/l "S3" 0 3 12, +C4<00000000000000000000000000000010>;
P_0000022e76fad8b8 .param/l "S4" 0 3 12, +C4<00000000000000000000000000000011>;
P_0000022e76fad8f0 .param/l "S5" 0 3 12, +C4<00000000000000000000000000000100>;
P_0000022e76fad928 .param/l "S6" 0 3 12, +C4<00000000000000000000000000000101>;
P_0000022e76fad960 .param/l "S7" 0 3 12, +C4<00000000000000000000000000000110>;
P_0000022e76fad998 .param/l "S8" 0 3 12, +C4<00000000000000000000000000000111>;
P_0000022e76fad9d0 .param/l "T1" 0 3 15, +C4<00000000000000000000000000000010>;
P_0000022e76fada08 .param/l "T2" 0 3 15, +C4<00000000000000000000000000000010>;
P_0000022e76fada40 .param/l "T3" 0 3 15, +C4<00000000000000000000000000000010>;
P_0000022e76fada78 .param/l "T4" 0 3 15, +C4<00000000000000000000000000000010>;
P_0000022e76fadab0 .param/l "T5" 0 3 15, +C4<00000000000000000000000000000010>;
P_0000022e76fadae8 .param/l "T6" 0 3 15, +C4<00000000000000000000000000000010>;
P_0000022e76fadb20 .param/l "T7" 0 3 15, +C4<00000000000000000000000000000010>;
P_0000022e76fadb58 .param/l "T8" 0 3 15, +C4<00000000000000000000000000000010>;
v0000022e76f62eb0_0 .net "clk", 0 0, v0000022e7700ada0_0;  1 drivers
v0000022e76f62c30_0 .var "count", 7 0;
v0000022e76fadba0_0 .var "light_M1", 2 0;
v0000022e770a9fe0_0 .var "light_M2", 2 0;
v0000022e76f94090_0 .var "light_M3", 2 0;
v0000022e76f94130_0 .var "light_M4", 2 0;
v0000022e76f941d0_0 .var "light_M5", 2 0;
v0000022e76f94270_0 .var "light_M6", 2 0;
v0000022e7700a6c0_0 .var "ps", 7 0;
v0000022e7700a260_0 .net "rst", 0 0, v0000022e7700a8a0_0;  1 drivers
E_0000022e76f8e640 .event anyedge, v0000022e7700a6c0_0;
E_0000022e76f8e280 .event posedge, v0000022e7700a260_0, v0000022e76f62eb0_0;
    .scope S_0000022e76f91390;
T_0 ;
    %wait E_0000022e76f8e280;
    %load/vec4 v0000022e7700a260_0;
    %pad/u 32;
    %cmpi/e 1, 0, 32;
    %jmp/0xz  T_0.0, 4;
    %pushi/vec4 0, 0, 8;
    %assign/vec4 v0000022e7700a6c0_0, 0;
    %pushi/vec4 0, 0, 8;
    %assign/vec4 v0000022e76f62c30_0, 0;
    %jmp T_0.1;
T_0.0 ;
    %load/vec4 v0000022e7700a6c0_0;
    %dup/vec4;
    %pushi/vec4 0, 0, 8;
    %cmp/u;
    %jmp/1 T_0.2, 6;
    %dup/vec4;
    %pushi/vec4 1, 0, 8;
    %cmp/u;
    %jmp/1 T_0.3, 6;
    %dup/vec4;
    %pushi/vec4 2, 0, 8;
    %cmp/u;
    %jmp/1 T_0.4, 6;
    %dup/vec4;
    %pushi/vec4 3, 0, 8;
    %cmp/u;
    %jmp/1 T_0.5, 6;
    %dup/vec4;
    %pushi/vec4 4, 0, 8;
    %cmp/u;
    %jmp/1 T_0.6, 6;
    %dup/vec4;
    %pushi/vec4 5, 0, 8;
    %cmp/u;
    %jmp/1 T_0.7, 6;
    %dup/vec4;
    %pushi/vec4 4, 0, 8;
    %cmp/u;
    %jmp/1 T_0.8, 6;
    %dup/vec4;
    %pushi/vec4 4, 0, 8;
    %cmp/u;
    %jmp/1 T_0.9, 6;
    %pushi/vec4 0, 0, 8;
    %assign/vec4 v0000022e7700a6c0_0, 0;
    %jmp T_0.11;
T_0.2 ;
    %load/vec4 v0000022e76f62c30_0;
    %pad/u 32;
    %cmpi/u 2, 0, 32;
    %jmp/0xz  T_0.12, 5;
    %pushi/vec4 0, 0, 8;
    %assign/vec4 v0000022e7700a6c0_0, 0;
    %load/vec4 v0000022e76f62c30_0;
    %addi 1, 0, 8;
    %assign/vec4 v0000022e76f62c30_0, 0;
    %jmp T_0.13;
T_0.12 ;
    %pushi/vec4 1, 0, 8;
    %assign/vec4 v0000022e7700a6c0_0, 0;
    %pushi/vec4 0, 0, 8;
    %assign/vec4 v0000022e76f62c30_0, 0;
T_0.13 ;
    %jmp T_0.11;
T_0.3 ;
    %load/vec4 v0000022e76f62c30_0;
    %pad/u 32;
    %cmpi/u 2, 0, 32;
    %jmp/0xz  T_0.14, 5;
    %pushi/vec4 1, 0, 8;
    %assign/vec4 v0000022e7700a6c0_0, 0;
    %load/vec4 v0000022e76f62c30_0;
    %addi 1, 0, 8;
    %assign/vec4 v0000022e76f62c30_0, 0;
    %jmp T_0.15;
T_0.14 ;
    %pushi/vec4 2, 0, 8;
    %assign/vec4 v0000022e7700a6c0_0, 0;
    %pushi/vec4 0, 0, 8;
    %assign/vec4 v0000022e76f62c30_0, 0;
T_0.15 ;
    %jmp T_0.11;
T_0.4 ;
    %load/vec4 v0000022e76f62c30_0;
    %pad/u 32;
    %cmpi/u 2, 0, 32;
    %jmp/0xz  T_0.16, 5;
    %pushi/vec4 2, 0, 8;
    %assign/vec4 v0000022e7700a6c0_0, 0;
    %load/vec4 v0000022e76f62c30_0;
    %addi 1, 0, 8;
    %assign/vec4 v0000022e76f62c30_0, 0;
    %jmp T_0.17;
T_0.16 ;
    %pushi/vec4 3, 0, 8;
    %assign/vec4 v0000022e7700a6c0_0, 0;
    %pushi/vec4 0, 0, 8;
    %assign/vec4 v0000022e76f62c30_0, 0;
T_0.17 ;
    %jmp T_0.11;
T_0.5 ;
    %load/vec4 v0000022e76f62c30_0;
    %pad/u 32;
    %cmpi/u 2, 0, 32;
    %jmp/0xz  T_0.18, 5;
    %pushi/vec4 3, 0, 8;
    %assign/vec4 v0000022e7700a6c0_0, 0;
    %load/vec4 v0000022e76f62c30_0;
    %addi 1, 0, 8;
    %assign/vec4 v0000022e76f62c30_0, 0;
    %jmp T_0.19;
T_0.18 ;
    %pushi/vec4 4, 0, 8;
    %assign/vec4 v0000022e7700a6c0_0, 0;
    %pushi/vec4 0, 0, 8;
    %assign/vec4 v0000022e76f62c30_0, 0;
T_0.19 ;
    %jmp T_0.11;
T_0.6 ;
    %load/vec4 v0000022e76f62c30_0;
    %pad/u 32;
    %cmpi/u 2, 0, 32;
    %jmp/0xz  T_0.20, 5;
    %pushi/vec4 4, 0, 8;
    %assign/vec4 v0000022e7700a6c0_0, 0;
    %load/vec4 v0000022e76f62c30_0;
    %addi 1, 0, 8;
    %assign/vec4 v0000022e76f62c30_0, 0;
    %jmp T_0.21;
T_0.20 ;
    %pushi/vec4 5, 0, 8;
    %assign/vec4 v0000022e7700a6c0_0, 0;
    %pushi/vec4 0, 0, 8;
    %assign/vec4 v0000022e76f62c30_0, 0;
T_0.21 ;
    %jmp T_0.11;
T_0.7 ;
    %load/vec4 v0000022e76f62c30_0;
    %pad/u 32;
    %cmpi/u 2, 0, 32;
    %jmp/0xz  T_0.22, 5;
    %pushi/vec4 5, 0, 8;
    %assign/vec4 v0000022e7700a6c0_0, 0;
    %load/vec4 v0000022e76f62c30_0;
    %addi 1, 0, 8;
    %assign/vec4 v0000022e76f62c30_0, 0;
    %jmp T_0.23;
T_0.22 ;
    %pushi/vec4 6, 0, 8;
    %assign/vec4 v0000022e7700a6c0_0, 0;
    %pushi/vec4 0, 0, 8;
    %assign/vec4 v0000022e76f62c30_0, 0;
T_0.23 ;
    %jmp T_0.11;
T_0.8 ;
    %load/vec4 v0000022e76f62c30_0;
    %pad/u 32;
    %cmpi/u 2, 0, 32;
    %jmp/0xz  T_0.24, 5;
    %pushi/vec4 6, 0, 8;
    %assign/vec4 v0000022e7700a6c0_0, 0;
    %load/vec4 v0000022e76f62c30_0;
    %addi 1, 0, 8;
    %assign/vec4 v0000022e76f62c30_0, 0;
    %jmp T_0.25;
T_0.24 ;
    %pushi/vec4 7, 0, 8;
    %assign/vec4 v0000022e7700a6c0_0, 0;
    %pushi/vec4 0, 0, 8;
    %assign/vec4 v0000022e76f62c30_0, 0;
T_0.25 ;
    %jmp T_0.11;
T_0.9 ;
    %load/vec4 v0000022e76f62c30_0;
    %pad/u 32;
    %cmpi/u 2, 0, 32;
    %jmp/0xz  T_0.26, 5;
    %pushi/vec4 7, 0, 8;
    %assign/vec4 v0000022e7700a6c0_0, 0;
    %load/vec4 v0000022e76f62c30_0;
    %addi 1, 0, 8;
    %assign/vec4 v0000022e76f62c30_0, 0;
    %jmp T_0.27;
T_0.26 ;
    %pushi/vec4 0, 0, 8;
    %assign/vec4 v0000022e7700a6c0_0, 0;
    %pushi/vec4 0, 0, 8;
    %assign/vec4 v0000022e76f62c30_0, 0;
T_0.27 ;
    %jmp T_0.11;
T_0.11 ;
    %pop/vec4 1;
T_0.1 ;
    %jmp T_0;
    .thread T_0;
    .scope S_0000022e76f91390;
T_1 ;
    %wait E_0000022e76f8e640;
    %load/vec4 v0000022e7700a6c0_0;
    %dup/vec4;
    %pushi/vec4 0, 0, 8;
    %cmp/u;
    %jmp/1 T_1.0, 6;
    %dup/vec4;
    %pushi/vec4 1, 0, 8;
    %cmp/u;
    %jmp/1 T_1.1, 6;
    %dup/vec4;
    %pushi/vec4 2, 0, 8;
    %cmp/u;
    %jmp/1 T_1.2, 6;
    %dup/vec4;
    %pushi/vec4 3, 0, 8;
    %cmp/u;
    %jmp/1 T_1.3, 6;
    %dup/vec4;
    %pushi/vec4 4, 0, 8;
    %cmp/u;
    %jmp/1 T_1.4, 6;
    %dup/vec4;
    %pushi/vec4 5, 0, 8;
    %cmp/u;
    %jmp/1 T_1.5, 6;
    %dup/vec4;
    %pushi/vec4 6, 0, 8;
    %cmp/u;
    %jmp/1 T_1.6, 6;
    %dup/vec4;
    %pushi/vec4 7, 0, 8;
    %cmp/u;
    %jmp/1 T_1.7, 6;
    %pushi/vec4 0, 0, 3;
    %assign/vec4 v0000022e76fadba0_0, 0;
    %pushi/vec4 0, 0, 3;
    %assign/vec4 v0000022e770a9fe0_0, 0;
    %pushi/vec4 0, 0, 3;
    %assign/vec4 v0000022e76f94090_0, 0;
    %pushi/vec4 0, 0, 3;
    %assign/vec4 v0000022e76f94130_0, 0;
    %pushi/vec4 0, 0, 3;
    %assign/vec4 v0000022e76f941d0_0, 0;
    %pushi/vec4 0, 0, 3;
    %assign/vec4 v0000022e76f94270_0, 0;
    %jmp T_1.9;
T_1.0 ;
    %pushi/vec4 1, 0, 3;
    %assign/vec4 v0000022e76fadba0_0, 0;
    %pushi/vec4 1, 0, 3;
    %assign/vec4 v0000022e770a9fe0_0, 0;
    %pushi/vec4 4, 0, 3;
    %assign/vec4 v0000022e76f94090_0, 0;
    %pushi/vec4 1, 0, 3;
    %assign/vec4 v0000022e76f94130_0, 0;
    %pushi/vec4 4, 0, 3;
    %assign/vec4 v0000022e76f941d0_0, 0;
    %pushi/vec4 4, 0, 3;
    %assign/vec4 v0000022e76f94270_0, 0;
    %jmp T_1.9;
T_1.1 ;
    %pushi/vec4 1, 0, 3;
    %assign/vec4 v0000022e76fadba0_0, 0;
    %pushi/vec4 2, 0, 3;
    %assign/vec4 v0000022e770a9fe0_0, 0;
    %pushi/vec4 4, 0, 3;
    %assign/vec4 v0000022e76f94090_0, 0;
    %pushi/vec4 1, 0, 3;
    %assign/vec4 v0000022e76f94130_0, 0;
    %pushi/vec4 4, 0, 3;
    %assign/vec4 v0000022e76f941d0_0, 0;
    %pushi/vec4 4, 0, 3;
    %assign/vec4 v0000022e76f94270_0, 0;
    %jmp T_1.9;
T_1.2 ;
    %pushi/vec4 1, 0, 3;
    %assign/vec4 v0000022e76fadba0_0, 0;
    %pushi/vec4 4, 0, 3;
    %assign/vec4 v0000022e770a9fe0_0, 0;
    %pushi/vec4 4, 0, 3;
    %assign/vec4 v0000022e76f94090_0, 0;
    %pushi/vec4 1, 0, 3;
    %assign/vec4 v0000022e76f94130_0, 0;
    %pushi/vec4 4, 0, 3;
    %assign/vec4 v0000022e76f941d0_0, 0;
    %pushi/vec4 1, 0, 3;
    %assign/vec4 v0000022e76f94270_0, 0;
    %jmp T_1.9;
T_1.3 ;
    %pushi/vec4 1, 0, 3;
    %assign/vec4 v0000022e76fadba0_0, 0;
    %pushi/vec4 4, 0, 3;
    %assign/vec4 v0000022e770a9fe0_0, 0;
    %pushi/vec4 4, 0, 3;
    %assign/vec4 v0000022e76f94090_0, 0;
    %pushi/vec4 2, 0, 3;
    %assign/vec4 v0000022e76f94130_0, 0;
    %pushi/vec4 4, 0, 3;
    %assign/vec4 v0000022e76f941d0_0, 0;
    %pushi/vec4 1, 0, 3;
    %assign/vec4 v0000022e76f94270_0, 0;
    %jmp T_1.9;
T_1.4 ;
    %pushi/vec4 1, 0, 3;
    %assign/vec4 v0000022e76fadba0_0, 0;
    %pushi/vec4 4, 0, 3;
    %assign/vec4 v0000022e770a9fe0_0, 0;
    %pushi/vec4 1, 0, 3;
    %assign/vec4 v0000022e76f94090_0, 0;
    %pushi/vec4 4, 0, 3;
    %assign/vec4 v0000022e76f94130_0, 0;
    %pushi/vec4 4, 0, 3;
    %assign/vec4 v0000022e76f941d0_0, 0;
    %pushi/vec4 1, 0, 3;
    %assign/vec4 v0000022e76f94270_0, 0;
    %jmp T_1.9;
T_1.5 ;
    %pushi/vec4 2, 0, 3;
    %assign/vec4 v0000022e76fadba0_0, 0;
    %pushi/vec4 4, 0, 3;
    %assign/vec4 v0000022e770a9fe0_0, 0;
    %pushi/vec4 2, 0, 3;
    %assign/vec4 v0000022e76f94090_0, 0;
    %pushi/vec4 4, 0, 3;
    %assign/vec4 v0000022e76f94130_0, 0;
    %pushi/vec4 4, 0, 3;
    %assign/vec4 v0000022e76f941d0_0, 0;
    %pushi/vec4 1, 0, 3;
    %assign/vec4 v0000022e76f94270_0, 0;
    %jmp T_1.9;
T_1.6 ;
    %pushi/vec4 4, 0, 3;
    %assign/vec4 v0000022e76fadba0_0, 0;
    %pushi/vec4 4, 0, 3;
    %assign/vec4 v0000022e770a9fe0_0, 0;
    %pushi/vec4 4, 0, 3;
    %assign/vec4 v0000022e76f94090_0, 0;
    %pushi/vec4 1, 0, 3;
    %assign/vec4 v0000022e76f94130_0, 0;
    %pushi/vec4 1, 0, 3;
    %assign/vec4 v0000022e76f941d0_0, 0;
    %pushi/vec4 1, 0, 3;
    %assign/vec4 v0000022e76f94270_0, 0;
    %jmp T_1.9;
T_1.7 ;
    %pushi/vec4 4, 0, 3;
    %assign/vec4 v0000022e76fadba0_0, 0;
    %pushi/vec4 4, 0, 3;
    %assign/vec4 v0000022e770a9fe0_0, 0;
    %pushi/vec4 4, 0, 3;
    %assign/vec4 v0000022e76f94090_0, 0;
    %pushi/vec4 1, 0, 3;
    %assign/vec4 v0000022e76f94130_0, 0;
    %pushi/vec4 2, 0, 3;
    %assign/vec4 v0000022e76f941d0_0, 0;
    %pushi/vec4 2, 0, 3;
    %assign/vec4 v0000022e76f94270_0, 0;
    %jmp T_1.9;
T_1.9 ;
    %pop/vec4 1;
    %jmp T_1;
    .thread T_1, $push;
    .scope S_0000022e76f91200;
T_2 ;
    %pushi/vec4 0, 0, 1;
    %store/vec4 v0000022e7700ada0_0, 0, 1;
T_2.0 ;
    %delay 1, 0;
    %load/vec4 v0000022e7700ada0_0;
    %inv;
    %store/vec4 v0000022e7700ada0_0, 0, 1;
    %jmp T_2.0;
    %end;
    .thread T_2;
    .scope S_0000022e76f91200;
T_3 ;
    %pushi/vec4 0, 0, 1;
    %store/vec4 v0000022e7700a8a0_0, 0, 1;
    %delay 1, 0;
    %pushi/vec4 1, 0, 1;
    %store/vec4 v0000022e7700a8a0_0, 0, 1;
    %delay 2, 0;
    %pushi/vec4 0, 0, 1;
    %store/vec4 v0000022e7700a8a0_0, 0, 1;
    %delay 10, 0;
    %vpi_call 2 25 "$finish" {0 0 0};
    %end;
    .thread T_3;
    .scope S_0000022e76f91200;
T_4 ;
    %vpi_call 2 29 "$dumpfile", "Traffic_light_control.vcd" {0 0 0};
    %vpi_call 2 30 "$dumpvars", 32'sb00000000000000000000000000000001 {0 0 0};
    %end;
    .thread T_4;
# The file index is used to find the file name in the following table.
:file_names 4;
    "N/A";
    "<interactive>";
    "Traffic_light_control_tb.v";
    "./Traffic_light_control.v";
